Arguments: 
  /home/thalha/.nvm/versions/node/v18.18.2/bin/node /home/thalha/.nvm/versions/node/v18.18.2/bin/yarn

PATH: 
  /home/thalha/.autojump/bin:/home/thalha/bin:/home/thalha/.nvm/versions/node/v18.18.2/bin:/home/thalha/bin:/home/thalha/bin:/usr/local/sbin:/usr/local/bin:/usr/sbin:/usr/bin:/sbin:/bin:/usr/games:/usr/local/games:/snap/bin:/snap/bin

Yarn version: 
  1.22.19

Node version: 
  18.18.2

Platform: 
  linux x64

Trace: 
  Error: ENOSPC: no space left on device, copyfile '/home/thalha/.cache/yarn/v6/npm-next-13.5.6-e964b5853272236c37ce0dd2c68302973cf010b1-integrity/node_modules/next/dist/compiled/react-dom/cjs/react-dom-server.edge.production.min.js' -> '/home/thalha/repos/front-v2/node_modules/next/dist/compiled/react-dom/cjs/react-dom-server.edge.production.min.js'

npm manifest: 
  {
    "name": "wraft-fe",
    "version": "0.1.1",
    "author": "Functionary",
    "license": "ISC",
    "repository": "",
    "scripts": {
      "dev": "next",
      "build": "next build",
      "export": "next export",
      "start": "next start",
      "prettier": "prettier --write --ignore-unknown",
      "test": "jest --watchAll",
      "type-check": "tsc --project tsconfig.json --pretty --noEmit",
      "lint": "eslint --ext js,jsx,ts,tsx --fix",
      "start-prod": "next start -H 0.0.0.0 -p ${PORT:-8080}"
    },
    "dependencies": {
      "@ariakit/react": "^0.3.4",
      "@babel/plugin-proposal-decorators": "^7.22.10",
      "@datepicker-react/styled": "^2.6.0",
      "@dnd-kit/core": "^6.0.8",
      "@dnd-kit/sortable": "^7.0.2",
      "@dnd-kit/utilities": "^3.2.1",
      "@emotion/css": "^11.11.2",
      "@emotion/react": "^11.11.1",
      "@emotion/styled": "^11.11.0",
      "@popperjs/core": "^2.5.3",
      "@remirror/pm": "^2.0.0",
      "@remirror/react": "^2.0.2",
      "@remirror/styles": "2.0.7",
      "@svgr/webpack": "^5.3.0",
      "@theme-ui/color": "^0.16.1",
      "@types/react-pdf": "5.7.2",
      "@zeit/next-css": "^1.0.1",
      "@zeit/next-source-maps": "^0.0.3",
      "axios": "^1.4.0",
      "date-fns": "^2.14.0",
      "easy-peasy": "^3.3.1",
      "express": "^4.15.3",
      "file-selector": "^0.1.13",
      "framer-motion": "^6.2.9",
      "html5-file-selector": "^2.1.0",
      "immer": "^7.0.1",
      "immutable": "^4.0.0-rc.12",
      "js-cookie": "^2.2.1",
      "jwt-decode": "^2.2.0",
      "lodash": "^4.17.15",
      "markdown-it": "^10.0.0",
      "next": "^13.4.19",
      "next-cookies": "^2.0.3",
      "next-images": "^1.4.0",
      "rc-slider": "^9.5.1",
      "react": "^18.2.0",
      "react-autosuggest": "^10.0.2",
      "react-color": "^2.18.1",
      "react-content-loader": "^6.2.0",
      "react-day-picker": "^7.4.8",
      "react-dom": "^18.2.0",
      "react-dropzone": "^14.2.3",
      "react-dropzone-uploader": "^2.11.0",
      "react-easy-crop": "^3.2.0",
      "react-hook-form": "^7.46.1",
      "react-hotkeys-hook": "^3.3.1",
      "react-image-crop": "^10.0.0",
      "react-modal": "^3.16.1",
      "react-multi-carousel": "^2.5.5",
      "react-multi-select-component": "^2.0.11",
      "react-paginate": "^6.3.2",
      "react-pdf": "5.7.2",
      "react-pdf-highlighter": "^5.3.0",
      "react-phone-number-input": "^3.0.24",
      "react-popper": "^2.2.3",
      "react-redux": "^7.2.0",
      "react-sortablejs": "^6.1.1",
      "react-table": "^7.0.4",
      "react-toast-notifications": "^2.4.0",
      "redux": "^4.0.5",
      "redux-devtools-extension": "^2.13.8",
      "redux-saga": "^1.1.3",
      "redux-thunk": "^2.3.0",
      "refractor": "^2.10.1",
      "remirror": "^2.0.2",
      "sortablejs": "^1.15.0",
      "theme-ui": "^0.16.1",
      "typesafe-actions": "^5.1.0",
      "use-immer": "^0.4.0",
      "yarn-upgrade-all": "^0.5.4"
    },
    "devDependencies": {
      "@testing-library/jest-dom": "^5.17.0",
      "@testing-library/react": "^14.0.0",
      "@types/js-cookie": "^2.2.5",
      "@types/jwt-decode": "^2.2.1",
      "@types/lodash": "^4.14.149",
      "@types/markdown-it": "^0.0.9",
      "@types/node": "^20.5.2",
      "@types/rc-slider": "^8.6.6",
      "@types/react": "^18.2.21",
      "@types/react-color": "^3.0.4",
      "@types/react-dom": "^18.2.7",
      "@types/react-modal": "^3.16.0",
      "@types/react-paginate": "^6.2.1",
      "@types/react-phone-number-input": "^3.0.4",
      "@types/react-redux": "^7.1.26",
      "@types/react-table": "^7.7.15",
      "@types/react-toast-notifications": "^2.4.0",
      "@types/redux-mock-store": "^1.0.2",
      "@types/sortablejs": "^1.15.2",
      "@typescript-eslint/eslint-plugin": "^5.0.0",
      "@typescript-eslint/parser": "^6.4.1",
      "babel-jest": "^29.6.4",
      "eslint": "^8.48.0",
      "eslint-config-airbnb": "^19.0.4",
      "eslint-config-next": "^13.4.19",
      "eslint-config-prettier": "^9.0.0",
      "eslint-plugin-import": "^2.28.1",
      "eslint-plugin-jsx-a11y": "^6.4.1",
      "eslint-plugin-prettier": "^5.0.0",
      "eslint-plugin-react": "^7.33.2",
      "eslint-plugin-react-hooks": "^4.6.0",
      "http-proxy-middleware": "^0.17.4",
      "husky": "^4.2.5",
      "jest": "^29.6.2",
      "prettier": "3.0.3",
      "react-select": "^5.7.7",
      "react-test-renderer": "^18.2.0",
      "redux-mock-store": "^1.5.4",
      "typescript": "^5.2.2"
    },
    "cacheDirectories": [
      "node_modules/",
      ".next/cache/"
    ],
    "engines": {
      "node": "18.x"
    }
  }

yarn manifest: 
  No manifest

Lockfile: 
  # THIS IS AN AUTOGENERATED FILE. DO NOT EDIT THIS FILE DIRECTLY.
  # yarn lockfile v1
  
  
  "@aashutoshrathi/word-wrap@^1.2.3":
    version "1.2.6"
    resolved "https://registry.yarnpkg.com/@aashutoshrathi/word-wrap/-/word-wrap-1.2.6.tgz#bd9154aec9983f77b3a034ecaa015c2e4201f6cf"
    integrity sha512-1Yjs2SvM8TflER/OD3cOjhWWOZb58A2t7wpE2S9XfBYTiIl+XFhQG2bjy4Pu1I+EAlCNUzRDYDdFwFYUKvXcIA==
  
  "@adobe/css-tools@^4.0.1":
    version "4.3.1"
    resolved "https://registry.yarnpkg.com/@adobe/css-tools/-/css-tools-4.3.1.tgz#abfccb8ca78075a2b6187345c26243c1a0842f28"
    integrity sha512-/62yikz7NLScCGAAST5SHdnjaDJQBDq0M2muyRTpf2VQhw6StBg2ALiu73zSJQ4fMVLA+0uBhBHAle7Wg+2kSg==
  
  "@ampproject/remapping@^2.2.0":
    version "2.2.1"
    resolved "https://registry.yarnpkg.com/@ampproject/remapping/-/remapping-2.2.1.tgz#99e8e11851128b8702cd57c33684f1d0f260b630"
    integrity sha512-lFMjJTrFL3j7L9yBxwYfCq2k6qqwHyzuUl/XBnif78PWTJYyL/dfowQHWE3sp6U6ZzqWiiIZnpTMO96zhkjwtg==
    dependencies:
      "@jridgewell/gen-mapping" "^0.3.0"
      "@jridgewell/trace-mapping" "^0.3.9"
  
  "@ariakit/core@0.3.4":
    version "0.3.4"
    resolved "https://registry.yarnpkg.com/@ariakit/core/-/core-0.3.4.tgz#f5410b137d45c46c34c7052ea4c4734350a863a7"
    integrity sha512-mMTWYOs0SvkrBbLPy4IY15E+fgvSbZKg4XzpBwE17meBG+G7wJjnuHq8lNiIAn9VnQBIc/lsXxqH3FCD7hHaUg==
  
  "@ariakit/react-core@0.3.5":
    version "0.3.5"
    resolved "https://registry.yarnpkg.com/@ariakit/react-core/-/react-core-0.3.5.tgz#3e701aa32ea89c279181f91b632caea3e4e7dba6"
    integrity sha512-TdQmUj7BPJ7QWjpjlpP5M1YbANDQL/voYYvKq1Hele7uoEWk51v2nZNaNXo9DZ4He/bkG99ISDx5Tgkzi5En8Q==
    dependencies:
      "@ariakit/core" "0.3.4"
      "@floating-ui/dom" "^1.0.0"
      use-sync-external-store "^1.2.0"
  
  "@ariakit/react@^0.3.4":
    version "0.3.5"
    resolved "https://registry.yarnpkg.com/@ariakit/react/-/react-0.3.5.tgz#26d92d89f6434657d043376bcc8e6e219c74565d"
    integrity sha512-x7LfGP0on0lVV1NcDNO8+aEBb64sUI6YYB1akEWXkb4lTiU4uG1sHGc8YhfHVh0cFS1kwpQcqyiNPzyB8OgymA==
    dependencies:
      "@ariakit/react-core" "0.3.5"
  
  "@babel/code-frame@^7.0.0", "@babel/code-frame@^7.10.4", "@babel/code-frame@^7.12.13", "@babel/code-frame@^7.22.13":
    version "7.22.13"
    resolved "https://registry.yarnpkg.com/@babel/code-frame/-/code-frame-7.22.13.tgz#e3c1c099402598483b7a8c46a721d1038803755e"
    integrity sha512-XktuhWlJ5g+3TJXc5upd9Ks1HutSArik6jf2eAjYFyIOf4ej3RN+184cZbzDvbPnuTJIUhPKKJE3cIsYTiAT3w==
    dependencies:
      "@babel/highlight" "^7.22.13"
      chalk "^2.4.2"
  
  "@babel/compat-data@^7.22.6", "@babel/compat-data@^7.22.9", "@babel/compat-data@^7.23.2":
    version "7.23.2"
    resolved "https://registry.yarnpkg.com/@babel/compat-data/-/compat-data-7.23.2.tgz#6a12ced93455827037bfb5ed8492820d60fc32cc"
    integrity sha512-0S9TQMmDHlqAZ2ITT95irXKfxN9bncq8ZCoJhun3nHL/lLUxd2NKBJYoNGWH7S0hz6fRQwWlAWn/ILM0C70KZQ==
  
  "@babel/core@^7.11.6", "@babel/core@^7.12.3", "@babel/core@^7.22.9":
    version "7.23.2"
    resolved "https://registry.yarnpkg.com/@babel/core/-/core-7.23.2.tgz#ed10df0d580fff67c5f3ee70fd22e2e4c90a9f94"
    integrity sha512-n7s51eWdaWZ3vGT2tD4T7J6eJs3QoBXydv7vkUM06Bf1cbVD2Kc2UrkzhiQwobfV7NwOnQXYL7UBJ5VPU+RGoQ==
    dependencies:
      "@ampproject/remapping" "^2.2.0"
      "@babel/code-frame" "^7.22.13"
      "@babel/generator" "^7.23.0"
      "@babel/helper-compilation-targets" "^7.22.15"
      "@babel/helper-module-transforms" "^7.23.0"
      "@babel/helpers" "^7.23.2"
      "@babel/parser" "^7.23.0"
      "@babel/template" "^7.22.15"
      "@babel/traverse" "^7.23.2"
      "@babel/types" "^7.23.0"
      convert-source-map "^2.0.0"
      debug "^4.1.0"
      gensync "^1.0.0-beta.2"
      json5 "^2.2.3"
      semver "^6.3.1"
  
  "@babel/generator@^7.22.9", "@babel/generator@^7.23.0", "@babel/generator@^7.7.2":
    version "7.23.0"
    resolved "https://registry.yarnpkg.com/@babel/generator/-/generator-7.23.0.tgz#df5c386e2218be505b34837acbcb874d7a983420"
    integrity sha512-lN85QRR+5IbYrMWM6Y4pE/noaQtg4pNiqeNGX60eqOfo6gtEj6uw/JagelB8vVztSd7R6M5n1+PQkDbHbBRU4g==
    dependencies:
      "@babel/types" "^7.23.0"
      "@jridgewell/gen-mapping" "^0.3.2"
      "@jridgewell/trace-mapping" "^0.3.17"
      jsesc "^2.5.1"
  
  "@babel/helper-annotate-as-pure@^7.22.5":
    version "7.22.5"
    resolved "https://registry.yarnpkg.com/@babel/helper-annotate-as-pure/-/helper-annotate-as-pure-7.22.5.tgz#e7f06737b197d580a01edf75d97e2c8be99d3882"
    integrity sha512-LvBTxu8bQSQkcyKOU+a1btnNFQ1dMAd0R6PyW3arXes06F6QLWLIrd681bxRPIXlrMGR3XYnW9JyML7dP3qgxg==
    dependencies:
      "@babel/types" "^7.22.5"
  
  "@babel/helper-builder-binary-assignment-operator-visitor@^7.22.5":
    version "7.22.15"
    resolved "https://registry.yarnpkg.com/@babel/helper-builder-binary-assignment-operator-visitor/-/helper-builder-binary-assignment-operator-visitor-7.22.15.tgz#5426b109cf3ad47b91120f8328d8ab1be8b0b956"
    integrity sha512-QkBXwGgaoC2GtGZRoma6kv7Szfv06khvhFav67ZExau2RaXzy8MpHSMO2PNoP2XtmQphJQRHFfg77Bq731Yizw==
    dependencies:
      "@babel/types" "^7.22.15"
  
  "@babel/helper-compilation-targets@^7.22.15", "@babel/helper-compilation-targets@^7.22.5", "@babel/helper-compilation-targets@^7.22.6":
    version "7.22.15"
    resolved "https://registry.yarnpkg.com/@babel/helper-compilation-targets/-/helper-compilation-targets-7.22.15.tgz#0698fc44551a26cf29f18d4662d5bf545a6cfc52"
    integrity sha512-y6EEzULok0Qvz8yyLkCvVX+02ic+By2UdOhylwUOvOn9dvYc9mKICJuuU1n1XBI02YWsNsnrY1kc6DVbjcXbtw==
    dependencies:
      "@babel/compat-data" "^7.22.9"
      "@babel/helper-validator-option" "^7.22.15"
      browserslist "^4.21.9"
      lru-cache "^5.1.1"
      semver "^6.3.1"
  
  "@babel/helper-create-class-features-plugin@^7.22.11", "@babel/helper-create-class-features-plugin@^7.22.15", "@babel/helper-create-class-features-plugin@^7.22.5":
    version "7.22.15"
    resolved "https://registry.yarnpkg.com/@babel/helper-create-class-features-plugin/-/helper-create-class-features-plugin-7.22.15.tgz#97a61b385e57fe458496fad19f8e63b63c867de4"
    integrity sha512-jKkwA59IXcvSaiK2UN45kKwSC9o+KuoXsBDvHvU/7BecYIp8GQ2UwrVvFgJASUT+hBnwJx6MhvMCuMzwZZ7jlg==
    dependencies:
      "@babel/helper-annotate-as-pure" "^7.22.5"
      "@babel/helper-environment-visitor" "^7.22.5"
      "@babel/helper-function-name" "^7.22.5"
      "@babel/helper-member-expression-to-functions" "^7.22.15"
      "@babel/helper-optimise-call-expression" "^7.22.5"
      "@babel/helper-replace-supers" "^7.22.9"
      "@babel/helper-skip-transparent-expression-wrappers" "^7.22.5"
      "@babel/helper-split-export-declaration" "^7.22.6"
      semver "^6.3.1"
  
  "@babel/helper-create-regexp-features-plugin@^7.18.6", "@babel/helper-create-regexp-features-plugin@^7.22.5":
    version "7.22.15"
    resolved "https://registry.yarnpkg.com/@babel/helper-create-regexp-features-plugin/-/helper-create-regexp-features-plugin-7.22.15.tgz#5ee90093914ea09639b01c711db0d6775e558be1"
    integrity sha512-29FkPLFjn4TPEa3RE7GpW+qbE8tlsu3jntNYNfcGsc49LphF1PQIiD+vMZ1z1xVOKt+93khA9tc2JBs3kBjA7w==
    dependencies:
      "@babel/helper-annotate-as-pure" "^7.22.5"
      regexpu-core "^5.3.1"
      semver "^6.3.1"
  
  "@babel/helper-define-polyfill-provider@^0.4.3":
    version "0.4.3"
    resolved "https://registry.yarnpkg.com/@babel/helper-define-polyfill-provider/-/helper-define-polyfill-provider-0.4.3.tgz#a71c10f7146d809f4a256c373f462d9bba8cf6ba"
    integrity sha512-WBrLmuPP47n7PNwsZ57pqam6G/RGo1vw/87b0Blc53tZNGZ4x7YvZ6HgQe2vo1W/FR20OgjeZuGXzudPiXHFug==
    dependencies:
      "@babel/helper-compilation-targets" "^7.22.6"
      "@babel/helper-plugin-utils" "^7.22.5"
      debug "^4.1.1"
      lodash.debounce "^4.0.8"
      resolve "^1.14.2"
  
  "@babel/helper-environment-visitor@^7.22.20", "@babel/helper-environment-visitor@^7.22.5":
    version "7.22.20"
    resolved "https://registry.yarnpkg.com/@babel/helper-environment-visitor/-/helper-environment-visitor-7.22.20.tgz#96159db61d34a29dba454c959f5ae4a649ba9167"
    integrity sha512-zfedSIzFhat/gFhWfHtgWvlec0nqB9YEIVrpuwjruLlXfUSnA8cJB0miHKwqDnQ7d32aKo2xt88/xZptwxbfhA==
  
  "@babel/helper-function-name@^7.22.5", "@babel/helper-function-name@^7.23.0":
    version "7.23.0"
    resolved "https://registry.yarnpkg.com/@babel/helper-function-name/-/helper-function-name-7.23.0.tgz#1f9a3cdbd5b2698a670c30d2735f9af95ed52759"
    integrity sha512-OErEqsrxjZTJciZ4Oo+eoZqeW9UIiOcuYKRJA4ZAgV9myA+pOXhhmpfNCKjEH/auVfEYVFJ6y1Tc4r0eIApqiw==
    dependencies:
      "@babel/template" "^7.22.15"
      "@babel/types" "^7.23.0"
  
  "@babel/helper-hoist-variables@^7.22.5":
    version "7.22.5"
    resolved "https://registry.yarnpkg.com/@babel/helper-hoist-variables/-/helper-hoist-variables-7.22.5.tgz#c01a007dac05c085914e8fb652b339db50d823bb"
    integrity sha512-wGjk9QZVzvknA6yKIUURb8zY3grXCcOZt+/7Wcy8O2uctxhplmUPkOdlgoNhmdVee2c92JXbf1xpMtVNbfoxRw==
    dependencies:
      "@babel/types" "^7.22.5"
  
  "@babel/helper-member-expression-to-functions@^7.22.15":
    version "7.23.0"
    resolved "https://registry.yarnpkg.com/@babel/helper-member-expression-to-functions/-/helper-member-expression-to-functions-7.23.0.tgz#9263e88cc5e41d39ec18c9a3e0eced59a3e7d366"
    integrity sha512-6gfrPwh7OuT6gZyJZvd6WbTfrqAo7vm4xCzAXOusKqq/vWdKXphTpj5klHKNmRUU6/QRGlBsyU9mAIPaWHlqJA==
    dependencies:
      "@babel/types" "^7.23.0"
  
  "@babel/helper-module-imports@^7.0.0", "@babel/helper-module-imports@^7.16.7", "@babel/helper-module-imports@^7.22.15", "@babel/helper-module-imports@^7.22.5":
    version "7.22.15"
    resolved "https://registry.yarnpkg.com/@babel/helper-module-imports/-/helper-module-imports-7.22.15.tgz#16146307acdc40cc00c3b2c647713076464bdbf0"
    integrity sha512-0pYVBnDKZO2fnSPCrgM/6WMc7eS20Fbok+0r88fp+YtWVLZrp4CkafFGIp+W0VKw4a22sgebPT99y+FDNMdP4w==
    dependencies:
      "@babel/types" "^7.22.15"
  
  "@babel/helper-module-transforms@^7.22.5", "@babel/helper-module-transforms@^7.23.0":
    version "7.23.0"
    resolved "https://registry.yarnpkg.com/@babel/helper-module-transforms/-/helper-module-transforms-7.23.0.tgz#3ec246457f6c842c0aee62a01f60739906f7047e"
    integrity sha512-WhDWw1tdrlT0gMgUJSlX0IQvoO1eN279zrAUbVB+KpV2c3Tylz8+GnKOLllCS6Z/iZQEyVYxhZVUdPTqs2YYPw==
    dependencies:
      "@babel/helper-environment-visitor" "^7.22.20"
      "@babel/helper-module-imports" "^7.22.15"
      "@babel/helper-simple-access" "^7.22.5"
      "@babel/helper-split-export-declaration" "^7.22.6"
      "@babel/helper-validator-identifier" "^7.22.20"
  
  "@babel/helper-optimise-call-expression@^7.22.5":
    version "7.22.5"
    resolved "https://registry.yarnpkg.com/@babel/helper-optimise-call-expression/-/helper-optimise-call-expression-7.22.5.tgz#f21531a9ccbff644fdd156b4077c16ff0c3f609e"
    integrity sha512-HBwaojN0xFRx4yIvpwGqxiV2tUfl7401jlok564NgB9EHS1y6QT17FmKWm4ztqjeVdXLuC4fSvHc5ePpQjoTbw==
    dependencies:
      "@babel/types" "^7.22.5"
  
  "@babel/helper-plugin-utils@^7.0.0", "@babel/helper-plugin-utils@^7.10.4", "@babel/helper-plugin-utils@^7.12.13", "@babel/helper-plugin-utils@^7.14.5", "@babel/helper-plugin-utils@^7.18.6", "@babel/helper-plugin-utils@^7.18.9", "@babel/helper-plugin-utils@^7.22.5", "@babel/helper-plugin-utils@^7.8.0", "@babel/helper-plugin-utils@^7.8.3":
    version "7.22.5"
    resolved "https://registry.yarnpkg.com/@babel/helper-plugin-utils/-/helper-plugin-utils-7.22.5.tgz#dd7ee3735e8a313b9f7b05a773d892e88e6d7295"
    integrity sha512-uLls06UVKgFG9QD4OeFYLEGteMIAa5kpTPcFL28yuCIIzsf6ZyKZMllKVOCZFhiZ5ptnwX4mtKdWCBE/uT4amg==
  
  "@babel/helper-remap-async-to-generator@^7.22.20", "@babel/helper-remap-async-to-generator@^7.22.5":
    version "7.22.20"
    resolved "https://registry.yarnpkg.com/@babel/helper-remap-async-to-generator/-/helper-remap-async-to-generator-7.22.20.tgz#7b68e1cb4fa964d2996fd063723fb48eca8498e0"
    integrity sha512-pBGyV4uBqOns+0UvhsTO8qgl8hO89PmiDYv+/COyp1aeMcmfrfruz+/nCMFiYyFF/Knn0yfrC85ZzNFjembFTw==
    dependencies:
      "@babel/helper-annotate-as-pure" "^7.22.5"
      "@babel/helper-environment-visitor" "^7.22.20"
      "@babel/helper-wrap-function" "^7.22.20"
  
  "@babel/helper-replace-supers@^7.22.20", "@babel/helper-replace-supers@^7.22.5", "@babel/helper-replace-supers@^7.22.9":
    version "7.22.20"
    resolved "https://registry.yarnpkg.com/@babel/helper-replace-supers/-/helper-replace-supers-7.22.20.tgz#e37d367123ca98fe455a9887734ed2e16eb7a793"
    integrity sha512-qsW0In3dbwQUbK8kejJ4R7IHVGwHJlV6lpG6UA7a9hSa2YEiAib+N1T2kr6PEeUT+Fl7najmSOS6SmAwCHK6Tw==
    dependencies:
      "@babel/helper-environment-visitor" "^7.22.20"
      "@babel/helper-member-expression-to-functions" "^7.22.15"
      "@babel/helper-optimise-call-expression" "^7.22.5"
  
  "@babel/helper-simple-access@^7.22.5":
    version "7.22.5"
    resolved "https://registry.yarnpkg.com/@babel/helper-simple-access/-/helper-simple-access-7.22.5.tgz#4938357dc7d782b80ed6dbb03a0fba3d22b1d5de"
    integrity sha512-n0H99E/K+Bika3++WNL17POvo4rKWZ7lZEp1Q+fStVbUi8nxPQEBOlTmCOxW/0JsS56SKKQ+ojAe2pHKJHN35w==
    dependencies:
      "@babel/types" "^7.22.5"
  
  "@babel/helper-skip-transparent-expression-wrappers@^7.22.5":
    version "7.22.5"
    resolved "https://registry.yarnpkg.com/@babel/helper-skip-transparent-expression-wrappers/-/helper-skip-transparent-expression-wrappers-7.22.5.tgz#007f15240b5751c537c40e77abb4e89eeaaa8847"
    integrity sha512-tK14r66JZKiC43p8Ki33yLBVJKlQDFoA8GYN67lWCDCqoL6EMMSuM9b+Iff2jHaM/RRFYl7K+iiru7hbRqNx8Q==
    dependencies:
      "@babel/types" "^7.22.5"
  
  "@babel/helper-split-export-declaration@^7.22.6":
    version "7.22.6"
    resolved "https://registry.yarnpkg.com/@babel/helper-split-export-declaration/-/helper-split-export-declaration-7.22.6.tgz#322c61b7310c0997fe4c323955667f18fcefb91c"
    integrity sha512-AsUnxuLhRYsisFiaJwvp1QF+I3KjD5FOxut14q/GzovUe6orHLesW2C7d754kRm53h5gqrz6sFl6sxc4BVtE/g==
    dependencies:
      "@babel/types" "^7.22.5"
  
  "@babel/helper-string-parser@^7.22.5":
    version "7.22.5"
    resolved "https://registry.yarnpkg.com/@babel/helper-string-parser/-/helper-string-parser-7.22.5.tgz#533f36457a25814cf1df6488523ad547d784a99f"
    integrity sha512-mM4COjgZox8U+JcXQwPijIZLElkgEpO5rsERVDJTc2qfCDfERyob6k5WegS14SX18IIjv+XD+GrqNumY5JRCDw==
  
  "@babel/helper-validator-identifier@^7.22.20":
    version "7.22.20"
    resolved "https://registry.yarnpkg.com/@babel/helper-validator-identifier/-/helper-validator-identifier-7.22.20.tgz#c4ae002c61d2879e724581d96665583dbc1dc0e0"
    integrity sha512-Y4OZ+ytlatR8AI+8KZfKuL5urKp7qey08ha31L8b3BwewJAoJamTzyvxPR/5D+KkdJCGPq/+8TukHBlY10FX9A==
  
  "@babel/helper-validator-option@^7.22.15":
    version "7.22.15"
    resolved "https://registry.yarnpkg.com/@babel/helper-validator-option/-/helper-validator-option-7.22.15.tgz#694c30dfa1d09a6534cdfcafbe56789d36aba040"
    integrity sha512-bMn7RmyFjY/mdECUbgn9eoSY4vqvacUnS9i9vGAGttgFWesO6B4CYWA7XlpbWgBt71iv/hfbPlynohStqnu5hA==
  
  "@babel/helper-wrap-function@^7.22.20":
    version "7.22.20"
    resolved "https://registry.yarnpkg.com/@babel/helper-wrap-function/-/helper-wrap-function-7.22.20.tgz#15352b0b9bfb10fc9c76f79f6342c00e3411a569"
    integrity sha512-pms/UwkOpnQe/PDAEdV/d7dVCoBbB+R4FvYoHGZz+4VPcg7RtYy2KP7S2lbuWM6FCSgob5wshfGESbC/hzNXZw==
    dependencies:
      "@babel/helper-function-name" "^7.22.5"
      "@babel/template" "^7.22.15"
      "@babel/types" "^7.22.19"
  
  "@babel/helpers@^7.23.2":
    version "7.23.2"
    resolved "https://registry.yarnpkg.com/@babel/helpers/-/helpers-7.23.2.tgz#2832549a6e37d484286e15ba36a5330483cac767"
    integrity sha512-lzchcp8SjTSVe/fPmLwtWVBFC7+Tbn8LGHDVfDp9JGxpAY5opSaEFgt8UQvrnECWOTdji2mOWMz1rOhkHscmGQ==
    dependencies:
      "@babel/template" "^7.22.15"
      "@babel/traverse" "^7.23.2"
      "@babel/types" "^7.23.0"
  
  "@babel/highlight@^7.22.13":
    version "7.22.20"
    resolved "https://registry.yarnpkg.com/@babel/highlight/-/highlight-7.22.20.tgz#4ca92b71d80554b01427815e06f2df965b9c1f54"
    integrity sha512-dkdMCN3py0+ksCgYmGG8jKeGA/8Tk+gJwSYYlFGxG5lmhfKNoAy004YpLxpS1W2J8m/EK2Ew+yOs9pVRwO89mg==
    dependencies:
      "@babel/helper-validator-identifier" "^7.22.20"
      chalk "^2.4.2"
      js-tokens "^4.0.0"
  
  "@babel/parser@^7.1.0", "@babel/parser@^7.14.7", "@babel/parser@^7.20.7", "@babel/parser@^7.22.15", "@babel/parser@^7.23.0":
    version "7.23.0"
    resolved "https://registry.yarnpkg.com/@babel/parser/-/parser-7.23.0.tgz#da950e622420bf96ca0d0f2909cdddac3acd8719"
    integrity sha512-vvPKKdMemU85V9WE/l5wZEmImpCtLqbnTvqDS2U1fJ96KrxoW7KrXhNsNCblQlg8Ck4b85yxdTyelsMUgFUXiw==
  
  "@babel/plugin-bugfix-safari-id-destructuring-collision-in-function-expression@^7.22.15":
    version "7.22.15"
    resolved "https://registry.yarnpkg.com/@babel/plugin-bugfix-safari-id-destructuring-collision-in-function-expression/-/plugin-bugfix-safari-id-destructuring-collision-in-function-expression-7.22.15.tgz#02dc8a03f613ed5fdc29fb2f728397c78146c962"
    integrity sha512-FB9iYlz7rURmRJyXRKEnalYPPdn87H5no108cyuQQyMwlpJ2SJtpIUBI27kdTin956pz+LPypkPVPUTlxOmrsg==
    dependencies:
      "@babel/helper-plugin-utils" "^7.22.5"
  
  "@babel/plugin-bugfix-v8-spread-parameters-in-optional-chaining@^7.22.15":
    version "7.22.15"
    resolved "https://registry.yarnpkg.com/@babel/plugin-bugfix-v8-spread-parameters-in-optional-chaining/-/plugin-bugfix-v8-spread-parameters-in-optional-chaining-7.22.15.tgz#2aeb91d337d4e1a1e7ce85b76a37f5301781200f"
    integrity sha512-Hyph9LseGvAeeXzikV88bczhsrLrIZqDPxO+sSmAunMPaGrBGhfMWzCPYTtiW9t+HzSE2wtV8e5cc5P6r1xMDQ==
    dependencies:
      "@babel/helper-plugin-utils" "^7.22.5"
      "@babel/helper-skip-transparent-expression-wrappers" "^7.22.5"
      "@babel/plugin-transform-optional-chaining" "^7.22.15"
  
  "@babel/plugin-proposal-decorators@^7.22.10":
    version "7.23.2"
    resolved "https://registry.yarnpkg.com/@babel/plugin-proposal-decorators/-/plugin-proposal-decorators-7.23.2.tgz#0b345a5754f48309fa50b7cd99075ef0295b12c8"
    integrity sha512-eR0gJQc830fJVGz37oKLvt9W9uUIQSAovUl0e9sJ3YeO09dlcoBVYD3CLrjCj4qHdXmfiyTyFt8yeQYSN5fxLg==
    dependencies:
      "@babel/helper-create-class-features-plugin" "^7.22.15"
      "@babel/helper-plugin-utils" "^7.22.5"
      "@babel/helper-replace-supers" "^7.22.20"
      "@babel/helper-split-export-declaration" "^7.22.6"
      "@babel/plugin-syntax-decorators" "^7.22.10"
  
  "@babel/plugin-proposal-export-namespace-from@^7.18.9":
    version "7.18.9"
    resolved "https://registry.yarnpkg.com/@babel/plugin-proposal-export-namespace-from/-/plugin-proposal-export-namespace-from-7.18.9.tgz#5f7313ab348cdb19d590145f9247540e94761203"
    integrity sha512-k1NtHyOMvlDDFeb9G5PhUXuGj8m/wiwojgQVEhJ/fsVsMCpLyOP4h0uGEjYJKrRI+EVPlb5Jk+Gt9P97lOGwtA==
    dependencies:
      "@babel/helper-plugin-utils" "^7.18.9"
      "@babel/plugin-syntax-export-namespace-from" "^7.8.3"
  
  "@babel/plugin-proposal-private-property-in-object@7.21.0-placeholder-for-preset-env.2":
    version "7.21.0-placeholder-for-preset-env.2"
    resolved "https://registry.yarnpkg.com/@babel/plugin-proposal-private-property-in-object/-/plugin-proposal-private-property-in-object-7.21.0-placeholder-for-preset-env.2.tgz#7844f9289546efa9febac2de4cfe358a050bd703"
    integrity sha512-SOSkfJDddaM7mak6cPEpswyTRnuRltl429hMraQEglW+OkovnCzsiszTmsrlY//qLFjCpQDFRvjdm2wA5pPm9w==
  
  "@babel/plugin-syntax-async-generators@^7.8.4":
    version "7.8.4"
    resolved "https://registry.yarnpkg.com/@babel/plugin-syntax-async-generators/-/plugin-syntax-async-generators-7.8.4.tgz#a983fb1aeb2ec3f6ed042a210f640e90e786fe0d"
    integrity sha512-tycmZxkGfZaxhMRbXlPXuVFpdWlXpir2W4AMhSJgRKzk/eDlIXOhb2LHWoLpDF7TEHylV5zNhykX6KAgHJmTNw==
    dependencies:
      "@babel/helper-plugin-utils" "^7.8.0"
  
  "@babel/plugin-syntax-bigint@^7.8.3":
    version "7.8.3"
    resolved "https://registry.yarnpkg.com/@babel/plugin-syntax-bigint/-/plugin-syntax-bigint-7.8.3.tgz#4c9a6f669f5d0cdf1b90a1671e9a146be5300cea"
    integrity sha512-wnTnFlG+YxQm3vDxpGE57Pj0srRU4sHE/mDkt1qv2YJJSeUAec2ma4WLUnUPeKjyrfntVwe/N6dCXpU+zL3Npg==
    dependencies:
      "@babel/helper-plugin-utils" "^7.8.0"
  
  "@babel/plugin-syntax-class-properties@^7.12.13", "@babel/plugin-syntax-class-properties@^7.8.3":
    version "7.12.13"
    resolved "https://registry.yarnpkg.com/@babel/plugin-syntax-class-properties/-/plugin-syntax-class-properties-7.12.13.tgz#b5c987274c4a3a82b89714796931a6b53544ae10"
    integrity sha512-fm4idjKla0YahUNgFNLCB0qySdsoPiZP3iQE3rky0mBUtMZ23yDJ9SJdg6dXTSDnulOVqiF3Hgr9nbXvXTQZYA==
    dependencies:
      "@babel/helper-plugin-utils" "^7.12.13"
  
  "@babel/plugin-syntax-class-static-block@^7.14.5":
    version "7.14.5"
    resolved "https://registry.yarnpkg.com/@babel/plugin-syntax-class-static-block/-/plugin-syntax-class-static-block-7.14.5.tgz#195df89b146b4b78b3bf897fd7a257c84659d406"
    integrity sha512-b+YyPmr6ldyNnM6sqYeMWE+bgJcJpO6yS4QD7ymxgH34GBPNDM/THBh8iunyvKIZztiwLH4CJZ0RxTk9emgpjw==
    dependencies:
      "@babel/helper-plugin-utils" "^7.14.5"
  
  "@babel/plugin-syntax-decorators@^7.22.10":
    version "7.22.10"
    resolved "https://registry.yarnpkg.com/@babel/plugin-syntax-decorators/-/plugin-syntax-decorators-7.22.10.tgz#7d83ea04d893c442b78ebf4c3cbac59a7211deff"
    integrity sha512-z1KTVemBjnz+kSEilAsI4lbkPOl5TvJH7YDSY1CTIzvLWJ+KHXp+mRe8VPmfnyvqOPqar1V2gid2PleKzRUstQ==
    dependencies:
      "@babel/helper-plugin-utils" "^7.22.5"
  
  "@babel/plugin-syntax-dynamic-import@^7.8.3":
    version "7.8.3"
    resolved "https://registry.yarnpkg.com/@babel/plugin-syntax-dynamic-import/-/plugin-syntax-dynamic-import-7.8.3.tgz#62bf98b2da3cd21d626154fc96ee5b3cb68eacb3"
    integrity sha512-5gdGbFon+PszYzqs83S3E5mpi7/y/8M9eC90MRTZfduQOYW76ig6SOSPNe41IG5LoP3FGBn2N0RjVDSQiS94kQ==
    dependencies:
      "@babel/helper-plugin-utils" "^7.8.0"
  
  "@babel/plugin-syntax-export-namespace-from@^7.8.3":
    version "7.8.3"
    resolved "https://registry.yarnpkg.com/@babel/plugin-syntax-export-namespace-from/-/plugin-syntax-export-namespace-from-7.8.3.tgz#028964a9ba80dbc094c915c487ad7c4e7a66465a"
    integrity sha512-MXf5laXo6c1IbEbegDmzGPwGNTsHZmEy6QGznu5Sh2UCWvueywb2ee+CCE4zQiZstxU9BMoQO9i6zUFSY0Kj0Q==
    dependencies:
      "@babel/helper-plugin-utils" "^7.8.3"
  
  "@babel/plugin-syntax-import-assertions@^7.22.5":
    version "7.22.5"
    resolved "https://registry.yarnpkg.com/@babel/plugin-syntax-import-assertions/-/plugin-syntax-import-assertions-7.22.5.tgz#07d252e2aa0bc6125567f742cd58619cb14dce98"
    integrity sha512-rdV97N7KqsRzeNGoWUOK6yUsWarLjE5Su/Snk9IYPU9CwkWHs4t+rTGOvffTR8XGkJMTAdLfO0xVnXm8wugIJg==
    dependencies:
      "@babel/helper-plugin-utils" "^7.22.5"
  
  "@babel/plugin-syntax-import-attributes@^7.22.5":
    version "7.22.5"
    resolved "https://registry.yarnpkg.com/@babel/plugin-syntax-import-attributes/-/plugin-syntax-import-attributes-7.22.5.tgz#ab840248d834410b829f569f5262b9e517555ecb"
    integrity sha512-KwvoWDeNKPETmozyFE0P2rOLqh39EoQHNjqizrI5B8Vt0ZNS7M56s7dAiAqbYfiAYOuIzIh96z3iR2ktgu3tEg==
    dependencies:
      "@babel/helper-plugin-utils" "^7.22.5"
  
  "@babel/plugin-syntax-import-meta@^7.10.4", "@babel/plugin-syntax-import-meta@^7.8.3":
    version "7.10.4"
    resolved "https://registry.yarnpkg.com/@babel/plugin-syntax-import-meta/-/plugin-syntax-import-meta-7.10.4.tgz#ee601348c370fa334d2207be158777496521fd51"
    integrity sha512-Yqfm+XDx0+Prh3VSeEQCPU81yC+JWZ2pDPFSS4ZdpfZhp4MkFMaDC1UqseovEKwSUpnIL7+vK+Clp7bfh0iD7g==
    dependencies:
      "@babel/helper-plugin-utils" "^7.10.4"
  
  "@babel/plugin-syntax-json-strings@^7.8.3":
    version "7.8.3"
    resolved "https://registry.yarnpkg.com/@babel/plugin-syntax-json-strings/-/plugin-syntax-json-strings-7.8.3.tgz#01ca21b668cd8218c9e640cb6dd88c5412b2c96a"
    integrity sha512-lY6kdGpWHvjoe2vk4WrAapEuBR69EMxZl+RoGRhrFGNYVK8mOPAW8VfbT/ZgrFbXlDNiiaxQnAtgVCZ6jv30EA==
    dependencies:
      "@babel/helper-plugin-utils" "^7.8.0"
  
  "@babel/plugin-syntax-jsx@^7.22.5", "@babel/plugin-syntax-jsx@^7.7.2":
    version "7.22.5"
    resolved "https://registry.yarnpkg.com/@babel/plugin-syntax-jsx/-/plugin-syntax-jsx-7.22.5.tgz#a6b68e84fb76e759fc3b93e901876ffabbe1d918"
    integrity sha512-gvyP4hZrgrs/wWMaocvxZ44Hw0b3W8Pe+cMxc8V1ULQ07oh8VNbIRaoD1LRZVTvD+0nieDKjfgKg89sD7rrKrg==
    dependencies:
      "@babel/helper-plugin-utils" "^7.22.5"
  
  "@babel/plugin-syntax-logical-assignment-operators@^7.10.4", "@babel/plugin-syntax-logical-assignment-operators@^7.8.3":
    version "7.10.4"
    resolved "https://registry.yarnpkg.com/@babel/plugin-syntax-logical-assignment-operators/-/plugin-syntax-logical-assignment-operators-7.10.4.tgz#ca91ef46303530448b906652bac2e9fe9941f699"
    integrity sha512-d8waShlpFDinQ5MtvGU9xDAOzKH47+FFoney2baFIoMr952hKOLp1HR7VszoZvOsV/4+RRszNY7D17ba0te0ig==
    dependencies:
      "@babel/helper-plugin-utils" "^7.10.4"
  
  "@babel/plugin-syntax-nullish-coalescing-operator@^7.8.3":
    version "7.8.3"
    resolved "https://registry.yarnpkg.com/@babel/plugin-syntax-nullish-coalescing-operator/-/plugin-syntax-nullish-coalescing-operator-7.8.3.tgz#167ed70368886081f74b5c36c65a88c03b66d1a9"
    integrity sha512-aSff4zPII1u2QD7y+F8oDsz19ew4IGEJg9SVW+bqwpwtfFleiQDMdzA/R+UlWDzfnHFCxxleFT0PMIrR36XLNQ==
    dependencies:
      "@babel/helper-plugin-utils" "^7.8.0"
  
  "@babel/plugin-syntax-numeric-separator@^7.10.4", "@babel/plugin-syntax-numeric-separator@^7.8.3":
    version "7.10.4"
    resolved "https://registry.yarnpkg.com/@babel/plugin-syntax-numeric-separator/-/plugin-syntax-numeric-separator-7.10.4.tgz#b9b070b3e33570cd9fd07ba7fa91c0dd37b9af97"
    integrity sha512-9H6YdfkcK/uOnY/K7/aA2xpzaAgkQn37yzWUMRK7OaPOqOpGS1+n0H5hxT9AUw9EsSjPW8SVyMJwYRtWs3X3ug==
    dependencies:
      "@babel/helper-plugin-utils" "^7.10.4"
  
  "@babel/plugin-syntax-object-rest-spread@^7.8.3":
    version "7.8.3"
    resolved "https://registry.yarnpkg.com/@babel/plugin-syntax-object-rest-spread/-/plugin-syntax-object-rest-spread-7.8.3.tgz#60e225edcbd98a640332a2e72dd3e66f1af55871"
    integrity sha512-XoqMijGZb9y3y2XskN+P1wUGiVwWZ5JmoDRwx5+3GmEplNyVM2s2Dg8ILFQm8rWM48orGy5YpI5Bl8U1y7ydlA==
    dependencies:
      "@babel/helper-plugin-utils" "^7.8.0"
  
  "@babel/plugin-syntax-optional-catch-binding@^7.8.3":
    version "7.8.3"
    resolved "https://registry.yarnpkg.com/@babel/plugin-syntax-optional-catch-binding/-/plugin-syntax-optional-catch-binding-7.8.3.tgz#6111a265bcfb020eb9efd0fdfd7d26402b9ed6c1"
    integrity sha512-6VPD0Pc1lpTqw0aKoeRTMiB+kWhAoT24PA+ksWSBrFtl5SIRVpZlwN3NNPQjehA2E/91FV3RjLWoVTglWcSV3Q==
    dependencies:
      "@babel/helper-plugin-utils" "^7.8.0"
  
  "@babel/plugin-syntax-optional-chaining@^7.8.3":
    version "7.8.3"
    resolved "https://registry.yarnpkg.com/@babel/plugin-syntax-optional-chaining/-/plugin-syntax-optional-chaining-7.8.3.tgz#4f69c2ab95167e0180cd5336613f8c5788f7d48a"
    integrity sha512-KoK9ErH1MBlCPxV0VANkXW2/dw4vlbGDrFgz8bmUsBGYkFRcbRwMh6cIJubdPrkxRwuGdtCk0v/wPTKbQgBjkg==
    dependencies:
      "@babel/helper-plugin-utils" "^7.8.0"
  
  "@babel/plugin-syntax-private-property-in-object@^7.14.5":
    version "7.14.5"
    resolved "https://registry.yarnpkg.com/@babel/plugin-syntax-private-property-in-object/-/plugin-syntax-private-property-in-object-7.14.5.tgz#0dc6671ec0ea22b6e94a1114f857970cd39de1ad"
    integrity sha512-0wVnp9dxJ72ZUJDV27ZfbSj6iHLoytYZmh3rFcxNnvsJF3ktkzLDZPy/mA17HGsaQT3/DQsWYX1f1QGWkCoVUg==
    dependencies:
      "@babel/helper-plugin-utils" "^7.14.5"
  
  "@babel/plugin-syntax-top-level-await@^7.14.5", "@babel/plugin-syntax-top-level-await@^7.8.3":
    version "7.14.5"
    resolved "https://registry.yarnpkg.com/@babel/plugin-syntax-top-level-await/-/plugin-syntax-top-level-await-7.14.5.tgz#c1cfdadc35a646240001f06138247b741c34d94c"
    integrity sha512-hx++upLv5U1rgYfwe1xBQUhRmU41NEvpUvrp8jkrSCdvGSnM5/qdRMtylJ6PG5OFkBaHkbTAKTnd3/YyESRHFw==
    dependencies:
      "@babel/helper-plugin-utils" "^7.14.5"
  
  "@babel/plugin-syntax-typescript@^7.7.2":
    version "7.22.5"
    resolved "https://registry.yarnpkg.com/@babel/plugin-syntax-typescript/-/plugin-syntax-typescript-7.22.5.tgz#aac8d383b062c5072c647a31ef990c1d0af90272"
    integrity sha512-1mS2o03i7t1c6VzH6fdQ3OA8tcEIxwG18zIPRp+UY1Ihv6W+XZzBCVxExF9upussPXJ0xE9XRHwMoNs1ep/nRQ==
    dependencies:
      "@babel/helper-plugin-utils" "^7.22.5"
  
  "@babel/plugin-syntax-unicode-sets-regex@^7.18.6":
    version "7.18.6"
    resolved "https://registry.yarnpkg.com/@babel/plugin-syntax-unicode-sets-regex/-/plugin-syntax-unicode-sets-regex-7.18.6.tgz#d49a3b3e6b52e5be6740022317580234a6a47357"
    integrity sha512-727YkEAPwSIQTv5im8QHz3upqp92JTWhidIC81Tdx4VJYIte/VndKf1qKrfnnhPLiPghStWfvC/iFaMCQu7Nqg==
    dependencies:
      "@babel/helper-create-regexp-features-plugin" "^7.18.6"
      "@babel/helper-plugin-utils" "^7.18.6"
  
  "@babel/plugin-transform-arrow-functions@^7.22.5":
    version "7.22.5"
    resolved "https://registry.yarnpkg.com/@babel/plugin-transform-arrow-functions/-/plugin-transform-arrow-functions-7.22.5.tgz#e5ba566d0c58a5b2ba2a8b795450641950b71958"
    integrity sha512-26lTNXoVRdAnsaDXPpvCNUq+OVWEVC6bx7Vvz9rC53F2bagUWW4u4ii2+h8Fejfh7RYqPxn+libeFBBck9muEw==
    dependencies:
      "@babel/helper-plugin-utils" "^7.22.5"
  
  "@babel/plugin-transform-async-generator-functions@^7.23.2":
    version "7.23.2"
    resolved "https://registry.yarnpkg.com/@babel/plugin-transform-async-generator-functions/-/plugin-transform-async-generator-functions-7.23.2.tgz#054afe290d64c6f576f371ccc321772c8ea87ebb"
    integrity sha512-BBYVGxbDVHfoeXbOwcagAkOQAm9NxoTdMGfTqghu1GrvadSaw6iW3Je6IcL5PNOw8VwjxqBECXy50/iCQSY/lQ==
    dependencies:
      "@babel/helper-environment-visitor" "^7.22.20"
      "@babel/helper-plugin-utils" "^7.22.5"
      "@babel/helper-remap-async-to-generator" "^7.22.20"
      "@babel/plugin-syntax-async-generators" "^7.8.4"
  
  "@babel/plugin-transform-async-to-generator@^7.22.5":
    version "7.22.5"
    resolved "https://registry.yarnpkg.com/@babel/plugin-transform-async-to-generator/-/plugin-transform-async-to-generator-7.22.5.tgz#c7a85f44e46f8952f6d27fe57c2ed3cc084c3775"
    integrity sha512-b1A8D8ZzE/VhNDoV1MSJTnpKkCG5bJo+19R4o4oy03zM7ws8yEMK755j61Dc3EyvdysbqH5BOOTquJ7ZX9C6vQ==
    dependencies:
      "@babel/helper-module-imports" "^7.22.5"
      "@babel/helper-plugin-utils" "^7.22.5"
      "@babel/helper-remap-async-to-generator" "^7.22.5"
  
  "@babel/plugin-transform-block-scoped-functions@^7.22.5":
    version "7.22.5"
    resolved "https://registry.yarnpkg.com/@babel/plugin-transform-block-scoped-functions/-/plugin-transform-block-scoped-functions-7.22.5.tgz#27978075bfaeb9fa586d3cb63a3d30c1de580024"
    integrity sha512-tdXZ2UdknEKQWKJP1KMNmuF5Lx3MymtMN/pvA+p/VEkhK8jVcQ1fzSy8KM9qRYhAf2/lV33hoMPKI/xaI9sADA==
    dependencies:
      "@babel/helper-plugin-utils" "^7.22.5"
  
  "@babel/plugin-transform-block-scoping@^7.23.0":
    version "7.23.0"
    resolved "https://registry.yarnpkg.com/@babel/plugin-transform-block-scoping/-/plugin-transform-block-scoping-7.23.0.tgz#8744d02c6c264d82e1a4bc5d2d501fd8aff6f022"
    integrity sha512-cOsrbmIOXmf+5YbL99/S49Y3j46k/T16b9ml8bm9lP6N9US5iQ2yBK7gpui1pg0V/WMcXdkfKbTb7HXq9u+v4g==
    dependencies:
      "@babel/helper-plugin-utils" "^7.22.5"
  
  "@babel/plugin-transform-class-properties@^7.22.5":
    version "7.22.5"
    resolved "https://registry.yarnpkg.com/@babel/plugin-transform-class-properties/-/plugin-transform-class-properties-7.22.5.tgz#97a56e31ad8c9dc06a0b3710ce7803d5a48cca77"
    integrity sha512-nDkQ0NfkOhPTq8YCLiWNxp1+f9fCobEjCb0n8WdbNUBc4IB5V7P1QnX9IjpSoquKrXF5SKojHleVNs2vGeHCHQ==
    dependencies:
      "@babel/helper-create-class-features-plugin" "^7.22.5"
      "@babel/helper-plugin-utils" "^7.22.5"
  
  "@babel/plugin-transform-class-static-block@^7.22.11":
    version "7.22.11"
    resolved "https://registry.yarnpkg.com/@babel/plugin-transform-class-static-block/-/plugin-transform-class-static-block-7.22.11.tgz#dc8cc6e498f55692ac6b4b89e56d87cec766c974"
    integrity sha512-GMM8gGmqI7guS/llMFk1bJDkKfn3v3C4KHK9Yg1ey5qcHcOlKb0QvcMrgzvxo+T03/4szNh5lghY+fEC98Kq9g==
    dependencies:
      "@babel/helper-create-class-features-plugin" "^7.22.11"
      "@babel/helper-plugin-utils" "^7.22.5"
      "@babel/plugin-syntax-class-static-block" "^7.14.5"
  
  "@babel/plugin-transform-classes@^7.22.15":
    version "7.22.15"
    resolved "https://registry.yarnpkg.com/@babel/plugin-transform-classes/-/plugin-transform-classes-7.22.15.tgz#aaf4753aee262a232bbc95451b4bdf9599c65a0b"
    integrity sha512-VbbC3PGjBdE0wAWDdHM9G8Gm977pnYI0XpqMd6LrKISj8/DJXEsWqgRuTYaNE9Bv0JGhTZUzHDlMk18IpOuoqw==
    dependencies:
      "@babel/helper-annotate-as-pure" "^7.22.5"
      "@babel/helper-compilation-targets" "^7.22.15"
      "@babel/helper-environment-visitor" "^7.22.5"
      "@babel/helper-function-name" "^7.22.5"
      "@babel/helper-optimise-call-expression" "^7.22.5"
      "@babel/helper-plugin-utils" "^7.22.5"
      "@babel/helper-replace-supers" "^7.22.9"
      "@babel/helper-split-export-declaration" "^7.22.6"
      globals "^11.1.0"
  
  "@babel/plugin-transform-computed-properties@^7.22.5":
    version "7.22.5"
    resolved "https://registry.yarnpkg.com/@babel/plugin-transform-computed-properties/-/plugin-transform-computed-properties-7.22.5.tgz#cd1e994bf9f316bd1c2dafcd02063ec261bb3869"
    integrity sha512-4GHWBgRf0krxPX+AaPtgBAlTgTeZmqDynokHOX7aqqAB4tHs3U2Y02zH6ETFdLZGcg9UQSD1WCmkVrE9ErHeOg==
    dependencies:
      "@babel/helper-plugin-utils" "^7.22.5"
      "@babel/template" "^7.22.5"
  
  "@babel/plugin-transform-destructuring@^7.23.0":
    version "7.23.0"
    resolved "https://registry.yarnpkg.com/@babel/plugin-transform-destructuring/-/plugin-transform-destructuring-7.23.0.tgz#6447aa686be48b32eaf65a73e0e2c0bd010a266c"
    integrity sha512-vaMdgNXFkYrB+8lbgniSYWHsgqK5gjaMNcc84bMIOMRLH0L9AqYq3hwMdvnyqj1OPqea8UtjPEuS/DCenah1wg==
    dependencies:
      "@babel/helper-plugin-utils" "^7.22.5"
  
  "@babel/plugin-transform-dotall-regex@^7.22.5":
    version "7.22.5"
    resolved "https://registry.yarnpkg.com/@babel/plugin-transform-dotall-regex/-/plugin-transform-dotall-regex-7.22.5.tgz#dbb4f0e45766eb544e193fb00e65a1dd3b2a4165"
    integrity sha512-5/Yk9QxCQCl+sOIB1WelKnVRxTJDSAIxtJLL2/pqL14ZVlbH0fUQUZa/T5/UnQtBNgghR7mfB8ERBKyKPCi7Vw==
    dependencies:
      "@babel/helper-create-regexp-features-plugin" "^7.22.5"
      "@babel/helper-plugin-utils" "^7.22.5"
  
  "@babel/plugin-transform-duplicate-keys@^7.22.5":
    version "7.22.5"
    resolved "https://registry.yarnpkg.com/@babel/plugin-transform-duplicate-keys/-/plugin-transform-duplicate-keys-7.22.5.tgz#b6e6428d9416f5f0bba19c70d1e6e7e0b88ab285"
    integrity sha512-dEnYD+9BBgld5VBXHnF/DbYGp3fqGMsyxKbtD1mDyIA7AkTSpKXFhCVuj/oQVOoALfBs77DudA0BE4d5mcpmqw==
    dependencies:
      "@babel/helper-plugin-utils" "^7.22.5"
  
  "@babel/plugin-transform-dynamic-import@^7.22.11":
    version "7.22.11"
    resolved "https://registry.yarnpkg.com/@babel/plugin-transform-dynamic-import/-/plugin-transform-dynamic-import-7.22.11.tgz#2c7722d2a5c01839eaf31518c6ff96d408e447aa"
    integrity sha512-g/21plo58sfteWjaO0ZNVb+uEOkJNjAaHhbejrnBmu011l/eNDScmkbjCC3l4FKb10ViaGU4aOkFznSu2zRHgA==
    dependencies:
      "@babel/helper-plugin-utils" "^7.22.5"
      "@babel/plugin-syntax-dynamic-import" "^7.8.3"
  
  "@babel/plugin-transform-exponentiation-operator@^7.22.5":
    version "7.22.5"
    resolved "https://registry.yarnpkg.com/@babel/plugin-transform-exponentiation-operator/-/plugin-transform-exponentiation-operator-7.22.5.tgz#402432ad544a1f9a480da865fda26be653e48f6a"
    integrity sha512-vIpJFNM/FjZ4rh1myqIya9jXwrwwgFRHPjT3DkUA9ZLHuzox8jiXkOLvwm1H+PQIP3CqfC++WPKeuDi0Sjdj1g==
    dependencies:
      "@babel/helper-builder-binary-assignment-operator-visitor" "^7.22.5"
      "@babel/helper-plugin-utils" "^7.22.5"
  
  "@babel/plugin-transform-export-namespace-from@^7.22.11":
    version "7.22.11"
    resolved "https://registry.yarnpkg.com/@babel/plugin-transform-export-namespace-from/-/plugin-transform-export-namespace-from-7.22.11.tgz#b3c84c8f19880b6c7440108f8929caf6056db26c"
    integrity sha512-xa7aad7q7OiT8oNZ1mU7NrISjlSkVdMbNxn9IuLZyL9AJEhs1Apba3I+u5riX1dIkdptP5EKDG5XDPByWxtehw==
    dependencies:
      "@babel/helper-plugin-utils" "^7.22.5"
      "@babel/plugin-syntax-export-namespace-from" "^7.8.3"
  
  "@babel/plugin-transform-for-of@^7.22.15":
    version "7.22.15"
    resolved "https://registry.yarnpkg.com/@babel/plugin-transform-for-of/-/plugin-transform-for-of-7.22.15.tgz#f64b4ccc3a4f131a996388fae7680b472b306b29"
    integrity sha512-me6VGeHsx30+xh9fbDLLPi0J1HzmeIIyenoOQHuw2D4m2SAU3NrspX5XxJLBpqn5yrLzrlw2Iy3RA//Bx27iOA==
    dependencies:
      "@babel/helper-plugin-utils" "^7.22.5"
  
  "@babel/plugin-transform-function-name@^7.22.5":
    version "7.22.5"
    resolved "https://registry.yarnpkg.com/@babel/plugin-transform-function-name/-/plugin-transform-function-name-7.22.5.tgz#935189af68b01898e0d6d99658db6b164205c143"
    integrity sha512-UIzQNMS0p0HHiQm3oelztj+ECwFnj+ZRV4KnguvlsD2of1whUeM6o7wGNj6oLwcDoAXQ8gEqfgC24D+VdIcevg==
    dependencies:
      "@babel/helper-compilation-targets" "^7.22.5"
      "@babel/helper-function-name" "^7.22.5"
      "@babel/helper-plugin-utils" "^7.22.5"
  
  "@babel/plugin-transform-json-strings@^7.22.11":
    version "7.22.11"
    resolved "https://registry.yarnpkg.com/@babel/plugin-transform-json-strings/-/plugin-transform-json-strings-7.22.11.tgz#689a34e1eed1928a40954e37f74509f48af67835"
    integrity sha512-CxT5tCqpA9/jXFlme9xIBCc5RPtdDq3JpkkhgHQqtDdiTnTI0jtZ0QzXhr5DILeYifDPp2wvY2ad+7+hLMW5Pw==
    dependencies:
      "@babel/helper-plugin-utils" "^7.22.5"
      "@babel/plugin-syntax-json-strings" "^7.8.3"
  
  "@babel/plugin-transform-literals@^7.22.5":
    version "7.22.5"
    resolved "https://registry.yarnpkg.com/@babel/plugin-transform-literals/-/plugin-transform-literals-7.22.5.tgz#e9341f4b5a167952576e23db8d435849b1dd7920"
    integrity sha512-fTLj4D79M+mepcw3dgFBTIDYpbcB9Sm0bpm4ppXPaO+U+PKFFyV9MGRvS0gvGw62sd10kT5lRMKXAADb9pWy8g==
    dependencies:
      "@babel/helper-plugin-utils" "^7.22.5"
  
  "@babel/plugin-transform-logical-assignment-operators@^7.22.11":
    version "7.22.11"
    resolved "https://registry.yarnpkg.com/@babel/plugin-transform-logical-assignment-operators/-/plugin-transform-logical-assignment-operators-7.22.11.tgz#24c522a61688bde045b7d9bc3c2597a4d948fc9c"
    integrity sha512-qQwRTP4+6xFCDV5k7gZBF3C31K34ut0tbEcTKxlX/0KXxm9GLcO14p570aWxFvVzx6QAfPgq7gaeIHXJC8LswQ==
    dependencies:
      "@babel/helper-plugin-utils" "^7.22.5"
      "@babel/plugin-syntax-logical-assignment-operators" "^7.10.4"
  
  "@babel/plugin-transform-member-expression-literals@^7.22.5":
    version "7.22.5"
    resolved "https://registry.yarnpkg.com/@babel/plugin-transform-member-expression-literals/-/plugin-transform-member-expression-literals-7.22.5.tgz#4fcc9050eded981a468347dd374539ed3e058def"
    integrity sha512-RZEdkNtzzYCFl9SE9ATaUMTj2hqMb4StarOJLrZRbqqU4HSBE7UlBw9WBWQiDzrJZJdUWiMTVDI6Gv/8DPvfew==
    dependencies:
      "@babel/helper-plugin-utils" "^7.22.5"
  
  "@babel/plugin-transform-modules-amd@^7.23.0":
    version "7.23.0"
    resolved "https://registry.yarnpkg.com/@babel/plugin-transform-modules-amd/-/plugin-transform-modules-amd-7.23.0.tgz#05b2bc43373faa6d30ca89214731f76f966f3b88"
    integrity sha512-xWT5gefv2HGSm4QHtgc1sYPbseOyf+FFDo2JbpE25GWl5BqTGO9IMwTYJRoIdjsF85GE+VegHxSCUt5EvoYTAw==
    dependencies:
      "@babel/helper-module-transforms" "^7.23.0"
      "@babel/helper-plugin-utils" "^7.22.5"
  
  "@babel/plugin-transform-modules-commonjs@^7.22.5", "@babel/plugin-transform-modules-commonjs@^7.23.0":
    version "7.23.0"
    resolved "https://registry.yarnpkg.com/@babel/plugin-transform-modules-commonjs/-/plugin-transform-modules-commonjs-7.23.0.tgz#b3dba4757133b2762c00f4f94590cf6d52602481"
    integrity sha512-32Xzss14/UVc7k9g775yMIvkVK8xwKE0DPdP5JTapr3+Z9w4tzeOuLNY6BXDQR6BdnzIlXnCGAzsk/ICHBLVWQ==
    dependencies:
      "@babel/helper-module-transforms" "^7.23.0"
      "@babel/helper-plugin-utils" "^7.22.5"
      "@babel/helper-simple-access" "^7.22.5"
  
  "@babel/plugin-transform-modules-systemjs@^7.23.0":
    version "7.23.0"
    resolved "https://registry.yarnpkg.com/@babel/plugin-transform-modules-systemjs/-/plugin-transform-modules-systemjs-7.23.0.tgz#77591e126f3ff4132a40595a6cccd00a6b60d160"
    integrity sha512-qBej6ctXZD2f+DhlOC9yO47yEYgUh5CZNz/aBoH4j/3NOlRfJXJbY7xDQCqQVf9KbrqGzIWER1f23doHGrIHFg==
    dependencies:
      "@babel/helper-hoist-variables" "^7.22.5"
      "@babel/helper-module-transforms" "^7.23.0"
      "@babel/helper-plugin-utils" "^7.22.5"
      "@babel/helper-validator-identifier" "^7.22.20"
  
  "@babel/plugin-transform-modules-umd@^7.22.5":
    version "7.22.5"
    resolved "https://registry.yarnpkg.com/@babel/plugin-transform-modules-umd/-/plugin-transform-modules-umd-7.22.5.tgz#4694ae40a87b1745e3775b6a7fe96400315d4f98"
    integrity sha512-+S6kzefN/E1vkSsKx8kmQuqeQsvCKCd1fraCM7zXm4SFoggI099Tr4G8U81+5gtMdUeMQ4ipdQffbKLX0/7dBQ==
    dependencies:
      "@babel/helper-module-transforms" "^7.22.5"
      "@babel/helper-plugin-utils" "^7.22.5"
  
  "@babel/plugin-transform-named-capturing-groups-regex@^7.22.5":
    version "7.22.5"
    resolved "https://registry.yarnpkg.com/@babel/plugin-transform-named-capturing-groups-regex/-/plugin-transform-named-capturing-groups-regex-7.22.5.tgz#67fe18ee8ce02d57c855185e27e3dc959b2e991f"
    integrity sha512-YgLLKmS3aUBhHaxp5hi1WJTgOUb/NCuDHzGT9z9WTt3YG+CPRhJs6nprbStx6DnWM4dh6gt7SU3sZodbZ08adQ==
    dependencies:
      "@babel/helper-create-regexp-features-plugin" "^7.22.5"
      "@babel/helper-plugin-utils" "^7.22.5"
  
  "@babel/plugin-transform-new-target@^7.22.5":
    version "7.22.5"
    resolved "https://registry.yarnpkg.com/@babel/plugin-transform-new-target/-/plugin-transform-new-target-7.22.5.tgz#1b248acea54ce44ea06dfd37247ba089fcf9758d"
    integrity sha512-AsF7K0Fx/cNKVyk3a+DW0JLo+Ua598/NxMRvxDnkpCIGFh43+h/v2xyhRUYf6oD8gE4QtL83C7zZVghMjHd+iw==
    dependencies:
      "@babel/helper-plugin-utils" "^7.22.5"
  
  "@babel/plugin-transform-nullish-coalescing-operator@^7.22.11":
    version "7.22.11"
    resolved "https://registry.yarnpkg.com/@babel/plugin-transform-nullish-coalescing-operator/-/plugin-transform-nullish-coalescing-operator-7.22.11.tgz#debef6c8ba795f5ac67cd861a81b744c5d38d9fc"
    integrity sha512-YZWOw4HxXrotb5xsjMJUDlLgcDXSfO9eCmdl1bgW4+/lAGdkjaEvOnQ4p5WKKdUgSzO39dgPl0pTnfxm0OAXcg==
    dependencies:
      "@babel/helper-plugin-utils" "^7.22.5"
      "@babel/plugin-syntax-nullish-coalescing-operator" "^7.8.3"
  
  "@babel/plugin-transform-numeric-separator@^7.22.11":
    version "7.22.11"
    resolved "https://registry.yarnpkg.com/@babel/plugin-transform-numeric-separator/-/plugin-transform-numeric-separator-7.22.11.tgz#498d77dc45a6c6db74bb829c02a01c1d719cbfbd"
    integrity sha512-3dzU4QGPsILdJbASKhF/V2TVP+gJya1PsueQCxIPCEcerqF21oEcrob4mzjsp2Py/1nLfF5m+xYNMDpmA8vffg==
    dependencies:
      "@babel/helper-plugin-utils" "^7.22.5"
      "@babel/plugin-syntax-numeric-separator" "^7.10.4"
  
  "@babel/plugin-transform-object-rest-spread@^7.22.15":
    version "7.22.15"
    resolved "https://registry.yarnpkg.com/@babel/plugin-transform-object-rest-spread/-/plugin-transform-object-rest-spread-7.22.15.tgz#21a95db166be59b91cde48775310c0df6e1da56f"
    integrity sha512-fEB+I1+gAmfAyxZcX1+ZUwLeAuuf8VIg67CTznZE0MqVFumWkh8xWtn58I4dxdVf080wn7gzWoF8vndOViJe9Q==
    dependencies:
      "@babel/compat-data" "^7.22.9"
      "@babel/helper-compilation-targets" "^7.22.15"
      "@babel/helper-plugin-utils" "^7.22.5"
      "@babel/plugin-syntax-object-rest-spread" "^7.8.3"
      "@babel/plugin-transform-parameters" "^7.22.15"
  
  "@babel/plugin-transform-object-super@^7.22.5":
    version "7.22.5"
    resolved "https://registry.yarnpkg.com/@babel/plugin-transform-object-super/-/plugin-transform-object-super-7.22.5.tgz#794a8d2fcb5d0835af722173c1a9d704f44e218c"
    integrity sha512-klXqyaT9trSjIUrcsYIfETAzmOEZL3cBYqOYLJxBHfMFFggmXOv+NYSX/Jbs9mzMVESw/WycLFPRx8ba/b2Ipw==
    dependencies:
      "@babel/helper-plugin-utils" "^7.22.5"
      "@babel/helper-replace-supers" "^7.22.5"
  
  "@babel/plugin-transform-optional-catch-binding@^7.22.11":
    version "7.22.11"
    resolved "https://registry.yarnpkg.com/@babel/plugin-transform-optional-catch-binding/-/plugin-transform-optional-catch-binding-7.22.11.tgz#461cc4f578a127bb055527b3e77404cad38c08e0"
    integrity sha512-rli0WxesXUeCJnMYhzAglEjLWVDF6ahb45HuprcmQuLidBJFWjNnOzssk2kuc6e33FlLaiZhG/kUIzUMWdBKaQ==
    dependencies:
      "@babel/helper-plugin-utils" "^7.22.5"
      "@babel/plugin-syntax-optional-catch-binding" "^7.8.3"
  
  "@babel/plugin-transform-optional-chaining@^7.22.15", "@babel/plugin-transform-optional-chaining@^7.23.0":
    version "7.23.0"
    resolved "https://registry.yarnpkg.com/@babel/plugin-transform-optional-chaining/-/plugin-transform-optional-chaining-7.23.0.tgz#73ff5fc1cf98f542f09f29c0631647d8ad0be158"
    integrity sha512-sBBGXbLJjxTzLBF5rFWaikMnOGOk/BmK6vVByIdEggZ7Vn6CvWXZyRkkLFK6WE0IF8jSliyOkUN6SScFgzCM0g==
    dependencies:
      "@babel/helper-plugin-utils" "^7.22.5"
      "@babel/helper-skip-transparent-expression-wrappers" "^7.22.5"
      "@babel/plugin-syntax-optional-chaining" "^7.8.3"
  
  "@babel/plugin-transform-parameters@^7.22.15":
    version "7.22.15"
    resolved "https://registry.yarnpkg.com/@babel/plugin-transform-parameters/-/plugin-transform-parameters-7.22.15.tgz#719ca82a01d177af358df64a514d64c2e3edb114"
    integrity sha512-hjk7qKIqhyzhhUvRT683TYQOFa/4cQKwQy7ALvTpODswN40MljzNDa0YldevS6tGbxwaEKVn502JmY0dP7qEtQ==
    dependencies:
      "@babel/helper-plugin-utils" "^7.22.5"
  
  "@babel/plugin-transform-private-methods@^7.22.5":
    version "7.22.5"
    resolved "https://registry.yarnpkg.com/@babel/plugin-transform-private-methods/-/plugin-transform-private-methods-7.22.5.tgz#21c8af791f76674420a147ae62e9935d790f8722"
    integrity sha512-PPjh4gyrQnGe97JTalgRGMuU4icsZFnWkzicB/fUtzlKUqvsWBKEpPPfr5a2JiyirZkHxnAqkQMO5Z5B2kK3fA==
    dependencies:
      "@babel/helper-create-class-features-plugin" "^7.22.5"
      "@babel/helper-plugin-utils" "^7.22.5"
  
  "@babel/plugin-transform-private-property-in-object@^7.22.11":
    version "7.22.11"
    resolved "https://registry.yarnpkg.com/@babel/plugin-transform-private-property-in-object/-/plugin-transform-private-property-in-object-7.22.11.tgz#ad45c4fc440e9cb84c718ed0906d96cf40f9a4e1"
    integrity sha512-sSCbqZDBKHetvjSwpyWzhuHkmW5RummxJBVbYLkGkaiTOWGxml7SXt0iWa03bzxFIx7wOj3g/ILRd0RcJKBeSQ==
    dependencies:
      "@babel/helper-annotate-as-pure" "^7.22.5"
      "@babel/helper-create-class-features-plugin" "^7.22.11"
      "@babel/helper-plugin-utils" "^7.22.5"
      "@babel/plugin-syntax-private-property-in-object" "^7.14.5"
  
  "@babel/plugin-transform-property-literals@^7.22.5":
    version "7.22.5"
    resolved "https://registry.yarnpkg.com/@babel/plugin-transform-property-literals/-/plugin-transform-property-literals-7.22.5.tgz#b5ddabd73a4f7f26cd0e20f5db48290b88732766"
    integrity sha512-TiOArgddK3mK/x1Qwf5hay2pxI6wCZnvQqrFSqbtg1GLl2JcNMitVH/YnqjP+M31pLUeTfzY1HAXFDnUBV30rQ==
    dependencies:
      "@babel/helper-plugin-utils" "^7.22.5"
  
  "@babel/plugin-transform-react-constant-elements@^7.12.1":
    version "7.22.5"
    resolved "https://registry.yarnpkg.com/@babel/plugin-transform-react-constant-elements/-/plugin-transform-react-constant-elements-7.22.5.tgz#6dfa7c1c37f7d7279e417ceddf5a04abb8bb9c29"
    integrity sha512-BF5SXoO+nX3h5OhlN78XbbDrBOffv+AxPP2ENaJOVqjWCgBDeOY3WcaUcddutGSfoap+5NEQ/q/4I3WZIvgkXA==
    dependencies:
      "@babel/helper-plugin-utils" "^7.22.5"
  
  "@babel/plugin-transform-react-display-name@^7.22.5":
    version "7.22.5"
    resolved "https://registry.yarnpkg.com/@babel/plugin-transform-react-display-name/-/plugin-transform-react-display-name-7.22.5.tgz#3c4326f9fce31c7968d6cb9debcaf32d9e279a2b"
    integrity sha512-PVk3WPYudRF5z4GKMEYUrLjPl38fJSKNaEOkFuoprioowGuWN6w2RKznuFNSlJx7pzzXXStPUnNSOEO0jL5EVw==
    dependencies:
      "@babel/helper-plugin-utils" "^7.22.5"
  
  "@babel/plugin-transform-react-jsx-development@^7.22.5":
    version "7.22.5"
    resolved "https://registry.yarnpkg.com/@babel/plugin-transform-react-jsx-development/-/plugin-transform-react-jsx-development-7.22.5.tgz#e716b6edbef972a92165cd69d92f1255f7e73e87"
    integrity sha512-bDhuzwWMuInwCYeDeMzyi7TaBgRQei6DqxhbyniL7/VG4RSS7HtSL2QbY4eESy1KJqlWt8g3xeEBGPuo+XqC8A==
    dependencies:
      "@babel/plugin-transform-react-jsx" "^7.22.5"
  
  "@babel/plugin-transform-react-jsx@^7.22.15", "@babel/plugin-transform-react-jsx@^7.22.5":
    version "7.22.15"
    resolved "https://registry.yarnpkg.com/@babel/plugin-transform-react-jsx/-/plugin-transform-react-jsx-7.22.15.tgz#7e6266d88705d7c49f11c98db8b9464531289cd6"
    integrity sha512-oKckg2eZFa8771O/5vi7XeTvmM6+O9cxZu+kanTU7tD4sin5nO/G8jGJhq8Hvt2Z0kUoEDRayuZLaUlYl8QuGA==
    dependencies:
      "@babel/helper-annotate-as-pure" "^7.22.5"
      "@babel/helper-module-imports" "^7.22.15"
      "@babel/helper-plugin-utils" "^7.22.5"
      "@babel/plugin-syntax-jsx" "^7.22.5"
      "@babel/types" "^7.22.15"
  
  "@babel/plugin-transform-react-pure-annotations@^7.22.5":
    version "7.22.5"
    resolved "https://registry.yarnpkg.com/@babel/plugin-transform-react-pure-annotations/-/plugin-transform-react-pure-annotations-7.22.5.tgz#1f58363eef6626d6fa517b95ac66fe94685e32c0"
    integrity sha512-gP4k85wx09q+brArVinTXhWiyzLl9UpmGva0+mWyKxk6JZequ05x3eUcIUE+FyttPKJFRRVtAvQaJ6YF9h1ZpA==
    dependencies:
      "@babel/helper-annotate-as-pure" "^7.22.5"
      "@babel/helper-plugin-utils" "^7.22.5"
  
  "@babel/plugin-transform-regenerator@^7.22.10":
    version "7.22.10"
    resolved "https://registry.yarnpkg.com/@babel/plugin-transform-regenerator/-/plugin-transform-regenerator-7.22.10.tgz#8ceef3bd7375c4db7652878b0241b2be5d0c3cca"
    integrity sha512-F28b1mDt8KcT5bUyJc/U9nwzw6cV+UmTeRlXYIl2TNqMMJif0Jeey9/RQ3C4NOd2zp0/TRsDns9ttj2L523rsw==
    dependencies:
      "@babel/helper-plugin-utils" "^7.22.5"
      regenerator-transform "^0.15.2"
  
  "@babel/plugin-transform-reserved-words@^7.22.5":
    version "7.22.5"
    resolved "https://registry.yarnpkg.com/@babel/plugin-transform-reserved-words/-/plugin-transform-reserved-words-7.22.5.tgz#832cd35b81c287c4bcd09ce03e22199641f964fb"
    integrity sha512-DTtGKFRQUDm8svigJzZHzb/2xatPc6TzNvAIJ5GqOKDsGFYgAskjRulbR/vGsPKq3OPqtexnz327qYpP57RFyA==
    dependencies:
      "@babel/helper-plugin-utils" "^7.22.5"
  
  "@babel/plugin-transform-shorthand-properties@^7.22.5":
    version "7.22.5"
    resolved "https://registry.yarnpkg.com/@babel/plugin-transform-shorthand-properties/-/plugin-transform-shorthand-properties-7.22.5.tgz#6e277654be82b5559fc4b9f58088507c24f0c624"
    integrity sha512-vM4fq9IXHscXVKzDv5itkO1X52SmdFBFcMIBZ2FRn2nqVYqw6dBexUgMvAjHW+KXpPPViD/Yo3GrDEBaRC0QYA==
    dependencies:
      "@babel/helper-plugin-utils" "^7.22.5"
  
  "@babel/plugin-transform-spread@^7.22.5":
    version "7.22.5"
    resolved "https://registry.yarnpkg.com/@babel/plugin-transform-spread/-/plugin-transform-spread-7.22.5.tgz#6487fd29f229c95e284ba6c98d65eafb893fea6b"
    integrity sha512-5ZzDQIGyvN4w8+dMmpohL6MBo+l2G7tfC/O2Dg7/hjpgeWvUx8FzfeOKxGog9IimPa4YekaQ9PlDqTLOljkcxg==
    dependencies:
      "@babel/helper-plugin-utils" "^7.22.5"
      "@babel/helper-skip-transparent-expression-wrappers" "^7.22.5"
  
  "@babel/plugin-transform-sticky-regex@^7.22.5":
    version "7.22.5"
    resolved "https://registry.yarnpkg.com/@babel/plugin-transform-sticky-regex/-/plugin-transform-sticky-regex-7.22.5.tgz#295aba1595bfc8197abd02eae5fc288c0deb26aa"
    integrity sha512-zf7LuNpHG0iEeiyCNwX4j3gDg1jgt1k3ZdXBKbZSoA3BbGQGvMiSvfbZRR3Dr3aeJe3ooWFZxOOG3IRStYp2Bw==
    dependencies:
      "@babel/helper-plugin-utils" "^7.22.5"
  
  "@babel/plugin-transform-template-literals@^7.22.5":
    version "7.22.5"
    resolved "https://registry.yarnpkg.com/@babel/plugin-transform-template-literals/-/plugin-transform-template-literals-7.22.5.tgz#8f38cf291e5f7a8e60e9f733193f0bcc10909bff"
    integrity sha512-5ciOehRNf+EyUeewo8NkbQiUs4d6ZxiHo6BcBcnFlgiJfu16q0bQUw9Jvo0b0gBKFG1SMhDSjeKXSYuJLeFSMA==
    dependencies:
      "@babel/helper-plugin-utils" "^7.22.5"
  
  "@babel/plugin-transform-typeof-symbol@^7.22.5":
    version "7.22.5"
    resolved "https://registry.yarnpkg.com/@babel/plugin-transform-typeof-symbol/-/plugin-transform-typeof-symbol-7.22.5.tgz#5e2ba478da4b603af8673ff7c54f75a97b716b34"
    integrity sha512-bYkI5lMzL4kPii4HHEEChkD0rkc+nvnlR6+o/qdqR6zrm0Sv/nodmyLhlq2DO0YKLUNd2VePmPRjJXSBh9OIdA==
    dependencies:
      "@babel/helper-plugin-utils" "^7.22.5"
  
  "@babel/plugin-transform-unicode-escapes@^7.22.10":
    version "7.22.10"
    resolved "https://registry.yarnpkg.com/@babel/plugin-transform-unicode-escapes/-/plugin-transform-unicode-escapes-7.22.10.tgz#c723f380f40a2b2f57a62df24c9005834c8616d9"
    integrity sha512-lRfaRKGZCBqDlRU3UIFovdp9c9mEvlylmpod0/OatICsSfuQ9YFthRo1tpTkGsklEefZdqlEFdY4A2dwTb6ohg==
    dependencies:
      "@babel/helper-plugin-utils" "^7.22.5"
  
  "@babel/plugin-transform-unicode-property-regex@^7.22.5":
    version "7.22.5"
    resolved "https://registry.yarnpkg.com/@babel/plugin-transform-unicode-property-regex/-/plugin-transform-unicode-property-regex-7.22.5.tgz#098898f74d5c1e86660dc112057b2d11227f1c81"
    integrity sha512-HCCIb+CbJIAE6sXn5CjFQXMwkCClcOfPCzTlilJ8cUatfzwHlWQkbtV0zD338u9dZskwvuOYTuuaMaA8J5EI5A==
    dependencies:
      "@babel/helper-create-regexp-features-plugin" "^7.22.5"
      "@babel/helper-plugin-utils" "^7.22.5"
  
  "@babel/plugin-transform-unicode-regex@^7.22.5":
    version "7.22.5"
    resolved "https://registry.yarnpkg.com/@babel/plugin-transform-unicode-regex/-/plugin-transform-unicode-regex-7.22.5.tgz#ce7e7bb3ef208c4ff67e02a22816656256d7a183"
    integrity sha512-028laaOKptN5vHJf9/Arr/HiJekMd41hOEZYvNsrsXqJ7YPYuX2bQxh31fkZzGmq3YqHRJzYFFAVYvKfMPKqyg==
    dependencies:
      "@babel/helper-create-regexp-features-plugin" "^7.22.5"
      "@babel/helper-plugin-utils" "^7.22.5"
  
  "@babel/plugin-transform-unicode-sets-regex@^7.22.5":
    version "7.22.5"
    resolved "https://registry.yarnpkg.com/@babel/plugin-transform-unicode-sets-regex/-/plugin-transform-unicode-sets-regex-7.22.5.tgz#77788060e511b708ffc7d42fdfbc5b37c3004e91"
    integrity sha512-lhMfi4FC15j13eKrh3DnYHjpGj6UKQHtNKTbtc1igvAhRy4+kLhV07OpLcsN0VgDEw/MjAvJO4BdMJsHwMhzCg==
    dependencies:
      "@babel/helper-create-regexp-features-plugin" "^7.22.5"
      "@babel/helper-plugin-utils" "^7.22.5"
  
  "@babel/preset-env@^7.12.1":
    version "7.23.2"
    resolved "https://registry.yarnpkg.com/@babel/preset-env/-/preset-env-7.23.2.tgz#1f22be0ff0e121113260337dbc3e58fafce8d059"
    integrity sha512-BW3gsuDD+rvHL2VO2SjAUNTBe5YrjsTiDyqamPDWY723na3/yPQ65X5oQkFVJZ0o50/2d+svm1rkPoJeR1KxVQ==
    dependencies:
      "@babel/compat-data" "^7.23.2"
      "@babel/helper-compilation-targets" "^7.22.15"
      "@babel/helper-plugin-utils" "^7.22.5"
      "@babel/helper-validator-option" "^7.22.15"
      "@babel/plugin-bugfix-safari-id-destructuring-collision-in-function-expression" "^7.22.15"
      "@babel/plugin-bugfix-v8-spread-parameters-in-optional-chaining" "^7.22.15"
      "@babel/plugin-proposal-private-property-in-object" "7.21.0-placeholder-for-preset-env.2"
      "@babel/plugin-syntax-async-generators" "^7.8.4"
      "@babel/plugin-syntax-class-properties" "^7.12.13"
      "@babel/plugin-syntax-class-static-block" "^7.14.5"
      "@babel/plugin-syntax-dynamic-import" "^7.8.3"
      "@babel/plugin-syntax-export-namespace-from" "^7.8.3"
      "@babel/plugin-syntax-import-assertions" "^7.22.5"
      "@babel/plugin-syntax-import-attributes" "^7.22.5"
      "@babel/plugin-syntax-import-meta" "^7.10.4"
      "@babel/plugin-syntax-json-strings" "^7.8.3"
      "@babel/plugin-syntax-logical-assignment-operators" "^7.10.4"
      "@babel/plugin-syntax-nullish-coalescing-operator" "^7.8.3"
      "@babel/plugin-syntax-numeric-separator" "^7.10.4"
      "@babel/plugin-syntax-object-rest-spread" "^7.8.3"
      "@babel/plugin-syntax-optional-catch-binding" "^7.8.3"
      "@babel/plugin-syntax-optional-chaining" "^7.8.3"
      "@babel/plugin-syntax-private-property-in-object" "^7.14.5"
      "@babel/plugin-syntax-top-level-await" "^7.14.5"
      "@babel/plugin-syntax-unicode-sets-regex" "^7.18.6"
      "@babel/plugin-transform-arrow-functions" "^7.22.5"
      "@babel/plugin-transform-async-generator-functions" "^7.23.2"
      "@babel/plugin-transform-async-to-generator" "^7.22.5"
      "@babel/plugin-transform-block-scoped-functions" "^7.22.5"
      "@babel/plugin-transform-block-scoping" "^7.23.0"
      "@babel/plugin-transform-class-properties" "^7.22.5"
      "@babel/plugin-transform-class-static-block" "^7.22.11"
      "@babel/plugin-transform-classes" "^7.22.15"
      "@babel/plugin-transform-computed-properties" "^7.22.5"
      "@babel/plugin-transform-destructuring" "^7.23.0"
      "@babel/plugin-transform-dotall-regex" "^7.22.5"
      "@babel/plugin-transform-duplicate-keys" "^7.22.5"
      "@babel/plugin-transform-dynamic-import" "^7.22.11"
      "@babel/plugin-transform-exponentiation-operator" "^7.22.5"
      "@babel/plugin-transform-export-namespace-from" "^7.22.11"
      "@babel/plugin-transform-for-of" "^7.22.15"
      "@babel/plugin-transform-function-name" "^7.22.5"
      "@babel/plugin-transform-json-strings" "^7.22.11"
      "@babel/plugin-transform-literals" "^7.22.5"
      "@babel/plugin-transform-logical-assignment-operators" "^7.22.11"
      "@babel/plugin-transform-member-expression-literals" "^7.22.5"
      "@babel/plugin-transform-modules-amd" "^7.23.0"
      "@babel/plugin-transform-modules-commonjs" "^7.23.0"
      "@babel/plugin-transform-modules-systemjs" "^7.23.0"
      "@babel/plugin-transform-modules-umd" "^7.22.5"
      "@babel/plugin-transform-named-capturing-groups-regex" "^7.22.5"
      "@babel/plugin-transform-new-target" "^7.22.5"
      "@babel/plugin-transform-nullish-coalescing-operator" "^7.22.11"
      "@babel/plugin-transform-numeric-separator" "^7.22.11"
      "@babel/plugin-transform-object-rest-spread" "^7.22.15"
      "@babel/plugin-transform-object-super" "^7.22.5"
      "@babel/plugin-transform-optional-catch-binding" "^7.22.11"
      "@babel/plugin-transform-optional-chaining" "^7.23.0"
      "@babel/plugin-transform-parameters" "^7.22.15"
      "@babel/plugin-transform-private-methods" "^7.22.5"
      "@babel/plugin-transform-private-property-in-object" "^7.22.11"
      "@babel/plugin-transform-property-literals" "^7.22.5"
      "@babel/plugin-transform-regenerator" "^7.22.10"
      "@babel/plugin-transform-reserved-words" "^7.22.5"
      "@babel/plugin-transform-shorthand-properties" "^7.22.5"
      "@babel/plugin-transform-spread" "^7.22.5"
      "@babel/plugin-transform-sticky-regex" "^7.22.5"
      "@babel/plugin-transform-template-literals" "^7.22.5"
      "@babel/plugin-transform-typeof-symbol" "^7.22.5"
      "@babel/plugin-transform-unicode-escapes" "^7.22.10"
      "@babel/plugin-transform-unicode-property-regex" "^7.22.5"
      "@babel/plugin-transform-unicode-regex" "^7.22.5"
      "@babel/plugin-transform-unicode-sets-regex" "^7.22.5"
      "@babel/preset-modules" "0.1.6-no-external-plugins"
      "@babel/types" "^7.23.0"
      babel-plugin-polyfill-corejs2 "^0.4.6"
      babel-plugin-polyfill-corejs3 "^0.8.5"
      babel-plugin-polyfill-regenerator "^0.5.3"
      core-js-compat "^3.31.0"
      semver "^6.3.1"
  
  "@babel/preset-modules@0.1.6-no-external-plugins":
    version "0.1.6-no-external-plugins"
    resolved "https://registry.yarnpkg.com/@babel/preset-modules/-/preset-modules-0.1.6-no-external-plugins.tgz#ccb88a2c49c817236861fee7826080573b8a923a"
    integrity sha512-HrcgcIESLm9aIR842yhJ5RWan/gebQUJ6E/E5+rf0y9o6oj7w0Br+sWuL6kEQ/o/AdfvR1Je9jG18/gnpwjEyA==
    dependencies:
      "@babel/helper-plugin-utils" "^7.0.0"
      "@babel/types" "^7.4.4"
      esutils "^2.0.2"
  
  "@babel/preset-react@^7.12.5":
    version "7.22.15"
    resolved "https://registry.yarnpkg.com/@babel/preset-react/-/preset-react-7.22.15.tgz#9a776892b648e13cc8ca2edf5ed1264eea6b6afc"
    integrity sha512-Csy1IJ2uEh/PecCBXXoZGAZBeCATTuePzCSB7dLYWS0vOEj6CNpjxIhW4duWwZodBNueH7QO14WbGn8YyeuN9w==
    dependencies:
      "@babel/helper-plugin-utils" "^7.22.5"
      "@babel/helper-validator-option" "^7.22.15"
      "@babel/plugin-transform-react-display-name" "^7.22.5"
      "@babel/plugin-transform-react-jsx" "^7.22.15"
      "@babel/plugin-transform-react-jsx-development" "^7.22.5"
      "@babel/plugin-transform-react-pure-annotations" "^7.22.5"
  
  "@babel/regjsgen@^0.8.0":
    version "0.8.0"
    resolved "https://registry.yarnpkg.com/@babel/regjsgen/-/regjsgen-0.8.0.tgz#f0ba69b075e1f05fb2825b7fad991e7adbb18310"
    integrity sha512-x/rqGMdzj+fWZvCOYForTghzbtqPDZ5gPwaoNGHdgDfF2QA/XZbCBp4Moo5scrkAMPhB7z26XM/AaHuIJdgauA==
  
  "@babel/runtime@^7.0.0", "@babel/runtime@^7.1.2", "@babel/runtime@^7.10.1", "@babel/runtime@^7.11.1", "@babel/runtime@^7.11.2", "@babel/runtime@^7.12.0", "@babel/runtime@^7.12.5", "@babel/runtime@^7.15.4", "@babel/runtime@^7.17.8", "@babel/runtime@^7.18.3", "@babel/runtime@^7.20.13", "@babel/runtime@^7.20.7", "@babel/runtime@^7.21.0", "@babel/runtime@^7.21.5", "@babel/runtime@^7.22.3", "@babel/runtime@^7.23.2", "@babel/runtime@^7.5.5", "@babel/runtime@^7.6.3", "@babel/runtime@^7.7.2", "@babel/runtime@^7.8.4", "@babel/runtime@^7.8.7", "@babel/runtime@^7.9.2":
    version "7.23.2"
    resolved "https://registry.yarnpkg.com/@babel/runtime/-/runtime-7.23.2.tgz#062b0ac103261d68a966c4c7baf2ae3e62ec3885"
    integrity sha512-mM8eg4yl5D6i3lu2QKPuPH4FArvJ8KhTofbE7jwMUv9KX5mBvwPAqnV3MlyBNqdp9RyRKP6Yck8TrfYrPvX3bg==
    dependencies:
      regenerator-runtime "^0.14.0"
  
  "@babel/template@^7.22.15", "@babel/template@^7.22.5", "@babel/template@^7.3.3":
    version "7.22.15"
    resolved "https://registry.yarnpkg.com/@babel/template/-/template-7.22.15.tgz#09576efc3830f0430f4548ef971dde1350ef2f38"
    integrity sha512-QPErUVm4uyJa60rkI73qneDacvdvzxshT3kksGqlGWYdOTIUOwJ7RDUL8sGqslY1uXWSL6xMFKEXDS3ox2uF0w==
    dependencies:
      "@babel/code-frame" "^7.22.13"
      "@babel/parser" "^7.22.15"
      "@babel/types" "^7.22.15"
  
  "@babel/traverse@^7.22.8", "@babel/traverse@^7.23.2":
    version "7.23.2"
    resolved "https://registry.yarnpkg.com/@babel/traverse/-/traverse-7.23.2.tgz#329c7a06735e144a506bdb2cad0268b7f46f4ad8"
    integrity sha512-azpe59SQ48qG6nu2CzcMLbxUudtN+dOM9kDbUqGq3HXUJRlo7i8fvPoxQUzYgLZ4cMVmuZgm8vvBpNeRhd6XSw==
    dependencies:
      "@babel/code-frame" "^7.22.13"
      "@babel/generator" "^7.23.0"
      "@babel/helper-environment-visitor" "^7.22.20"
      "@babel/helper-function-name" "^7.23.0"
      "@babel/helper-hoist-variables" "^7.22.5"
      "@babel/helper-split-export-declaration" "^7.22.6"
      "@babel/parser" "^7.23.0"
      "@babel/types" "^7.23.0"
      debug "^4.1.0"
      globals "^11.1.0"
  
  "@babel/types@^7.0.0", "@babel/types@^7.12.6", "@babel/types@^7.20.7", "@babel/types@^7.22.15", "@babel/types@^7.22.19", "@babel/types@^7.22.5", "@babel/types@^7.23.0", "@babel/types@^7.3.3", "@babel/types@^7.4.4":
    version "7.23.0"
    resolved "https://registry.yarnpkg.com/@babel/types/-/types-7.23.0.tgz#8c1f020c9df0e737e4e247c0619f58c68458aaeb"
    integrity sha512-0oIyUfKoI3mSqMvsxBdclDwxXKXAUA8v/apZbc+iSyARYou1o8ZGDxbUYyLFoW2arqS2jDGqJuZvv1d/io1axg==
    dependencies:
      "@babel/helper-string-parser" "^7.22.5"
      "@babel/helper-validator-identifier" "^7.22.20"
      to-fast-properties "^2.0.0"
  
  "@bcoe/v8-coverage@^0.2.3":
    version "0.2.3"
    resolved "https://registry.yarnpkg.com/@bcoe/v8-coverage/-/v8-coverage-0.2.3.tgz#75a2e8b51cb758a7553d6804a5932d7aace75c39"
    integrity sha512-0hYQ8SB4Db5zvZB4axdMHGwEaQjkZzFjQiN9LVYvIFB2nSUHW9tYpxWriPrWDASIxiaXax83REcLxuSdnGPZtw==
  
  "@datepicker-react/hooks@^2.8.4":
    version "2.8.4"
    resolved "https://registry.yarnpkg.com/@datepicker-react/hooks/-/hooks-2.8.4.tgz#6e07aa98bf21b90b7c88fb35919cca6eb08f2c31"
    integrity sha512-qaYJKK5sOSdqcL/OnCtyv3/Q6fRRljfeAyl5ISTPgEO0CM5xZzkGmTx40+6wvqjH5lEZH4ysS95nPyLwZS2tlw==
    dependencies:
      date-fns "^2.14.0"
  
  "@datepicker-react/styled@^2.6.0":
    version "2.8.4"
    resolved "https://registry.yarnpkg.com/@datepicker-react/styled/-/styled-2.8.4.tgz#52da4e4055f247deae93e7bb684e5c5093525438"
    integrity sha512-QlJQn+OyFwBVWEJM/aIRoHvBO37DvnGZ7kVY47AE/49hbKFkZJsgAj4rbtLapIZmmm0K12ClqcXWVZ3zzr598w==
    dependencies:
      "@datepicker-react/hooks" "^2.8.4"
      styled-system "^5.1.5"
  
  "@dnd-kit/accessibility@^3.0.0":
    version "3.0.1"
    resolved "https://registry.yarnpkg.com/@dnd-kit/accessibility/-/accessibility-3.0.1.tgz#3ccbefdfca595b0a23a5dc57d3de96bc6935641c"
    integrity sha512-HXRrwS9YUYQO9lFRc/49uO/VICbM+O+ZRpFDe9Pd1rwVv2PCNkRiTZRdxrDgng/UkvdC3Re9r2vwPpXXrWeFzg==
    dependencies:
      tslib "^2.0.0"
  
  "@dnd-kit/core@^6.0.8":
    version "6.0.8"
    resolved "https://registry.yarnpkg.com/@dnd-kit/core/-/core-6.0.8.tgz#040ae13fea9787ee078e5f0361f3b49b07f3f005"
    integrity sha512-lYaoP8yHTQSLlZe6Rr9qogouGUz9oRUj4AHhDQGQzq/hqaJRpFo65X+JKsdHf8oUFBzx5A+SJPUvxAwTF2OabA==
    dependencies:
      "@dnd-kit/accessibility" "^3.0.0"
      "@dnd-kit/utilities" "^3.2.1"
      tslib "^2.0.0"
  
  "@dnd-kit/sortable@^7.0.2":
    version "7.0.2"
    resolved "https://registry.yarnpkg.com/@dnd-kit/sortable/-/sortable-7.0.2.tgz#791d550872457f3f3c843e00d159b640f982011c"
    integrity sha512-wDkBHHf9iCi1veM834Gbk1429bd4lHX4RpAwT0y2cHLf246GAvU2sVw/oxWNpPKQNQRQaeGXhAVgrOl1IT+iyA==
    dependencies:
      "@dnd-kit/utilities" "^3.2.0"
      tslib "^2.0.0"
  
  "@dnd-kit/utilities@^3.2.0", "@dnd-kit/utilities@^3.2.1":
    version "3.2.1"
    resolved "https://registry.yarnpkg.com/@dnd-kit/utilities/-/utilities-3.2.1.tgz#53f9e2016fd2506ec49e404c289392cfff30332a"
    integrity sha512-OOXqISfvBw/1REtkSK2N3Fi2EQiLMlWUlqnOK/UpOISqBZPWpE6TqL+jcPtMOkE8TqYGiURvRdPSI9hltNUjEA==
    dependencies:
      tslib "^2.0.0"
  
  "@emotion/babel-plugin@^11.11.0":
    version "11.11.0"
    resolved "https://registry.yarnpkg.com/@emotion/babel-plugin/-/babel-plugin-11.11.0.tgz#c2d872b6a7767a9d176d007f5b31f7d504bb5d6c"
    integrity sha512-m4HEDZleaaCH+XgDDsPF15Ht6wTLsgDTeR3WYj9Q/k76JtWhrJjcP4+/XlG8LGT/Rol9qUfOIztXeA84ATpqPQ==
    dependencies:
      "@babel/helper-module-imports" "^7.16.7"
      "@babel/runtime" "^7.18.3"
      "@emotion/hash" "^0.9.1"
      "@emotion/memoize" "^0.8.1"
      "@emotion/serialize" "^1.1.2"
      babel-plugin-macros "^3.1.0"
      convert-source-map "^1.5.0"
      escape-string-regexp "^4.0.0"
      find-root "^1.1.0"
      source-map "^0.5.7"
      stylis "4.2.0"
  
  "@emotion/cache@^10.0.27":
    version "10.0.29"
    resolved "https://registry.yarnpkg.com/@emotion/cache/-/cache-10.0.29.tgz#87e7e64f412c060102d589fe7c6dc042e6f9d1e0"
    integrity sha512-fU2VtSVlHiF27empSbxi1O2JFdNWZO+2NFHfwO0pxgTep6Xa3uGb+3pVKfLww2l/IBGLNEZl5Xf/++A4wAYDYQ==
    dependencies:
      "@emotion/sheet" "0.9.4"
      "@emotion/stylis" "0.8.5"
      "@emotion/utils" "0.11.3"
      "@emotion/weak-memoize" "0.2.5"
  
  "@emotion/cache@^11.11.0", "@emotion/cache@^11.4.0":
    version "11.11.0"
    resolved "https://registry.yarnpkg.com/@emotion/cache/-/cache-11.11.0.tgz#809b33ee6b1cb1a625fef7a45bc568ccd9b8f3ff"
    integrity sha512-P34z9ssTCBi3e9EI1ZsWpNHcfY1r09ZO0rZbRO2ob3ZQMnFI35jB536qoXbkdesr5EUhYi22anuEJuyxifaqAQ==
    dependencies:
      "@emotion/memoize" "^0.8.1"
      "@emotion/sheet" "^1.2.2"
      "@emotion/utils" "^1.2.1"
      "@emotion/weak-memoize" "^0.3.1"
      stylis "4.2.0"
  
  "@emotion/core@^10.0.14":
    version "10.3.1"
    resolved "https://registry.yarnpkg.com/@emotion/core/-/core-10.3.1.tgz#4021b6d8b33b3304d48b0bb478485e7d7421c69d"
    integrity sha512-447aUEjPIm0MnE6QYIaFz9VQOHSXf4Iu6EWOIqq11EAPqinkSZmfymPTmlOE3QjLv846lH4JVZBUOtwGbuQoww==
    dependencies:
      "@babel/runtime" "^7.5.5"
      "@emotion/cache" "^10.0.27"
      "@emotion/css" "^10.0.27"
      "@emotion/serialize" "^0.11.15"
      "@emotion/sheet" "0.9.4"
      "@emotion/utils" "0.11.3"
  
  "@emotion/css@^10.0.27":
    version "10.0.27"
    resolved "https://registry.yarnpkg.com/@emotion/css/-/css-10.0.27.tgz#3a7458198fbbebb53b01b2b87f64e5e21241e14c"
    integrity sha512-6wZjsvYeBhyZQYNrGoR5yPMYbMBNEnanDrqmsqS1mzDm1cOTu12shvl2j4QHNS36UaTE0USIJawCH9C8oW34Zw==
    dependencies:
      "@emotion/serialize" "^0.11.15"
      "@emotion/utils" "0.11.3"
      babel-plugin-emotion "^10.0.27"
  
  "@emotion/css@^11.11.0", "@emotion/css@^11.11.2":
    version "11.11.2"
    resolved "https://registry.yarnpkg.com/@emotion/css/-/css-11.11.2.tgz#e5fa081d0c6e335352e1bc2b05953b61832dca5a"
    integrity sha512-VJxe1ucoMYMS7DkiMdC2T7PWNbrEI0a39YRiyDvK2qq4lXwjRbVP/z4lpG+odCsRzadlR+1ywwrTzhdm5HNdew==
    dependencies:
      "@emotion/babel-plugin" "^11.11.0"
      "@emotion/cache" "^11.11.0"
      "@emotion/serialize" "^1.1.2"
      "@emotion/sheet" "^1.2.2"
      "@emotion/utils" "^1.2.1"
  
  "@emotion/hash@0.8.0":
    version "0.8.0"
    resolved "https://registry.yarnpkg.com/@emotion/hash/-/hash-0.8.0.tgz#bbbff68978fefdbe68ccb533bc8cbe1d1afb5413"
    integrity sha512-kBJtf7PH6aWwZ6fka3zQ0p6SBYzx4fl1LoZXE2RrnYST9Xljm7WfKJrU4g/Xr3Beg72MLrp1AWNUmuYJTL7Cow==
  
  "@emotion/hash@^0.9.1":
    version "0.9.1"
    resolved "https://registry.yarnpkg.com/@emotion/hash/-/hash-0.9.1.tgz#4ffb0055f7ef676ebc3a5a91fb621393294e2f43"
    integrity sha512-gJB6HLm5rYwSLI6PQa+X1t5CFGrv1J1TWG+sOyMCeKz2ojaj6Fnl/rZEspogG+cvqbt4AE/2eIyD2QfLKTBNlQ==
  
  "@emotion/is-prop-valid@^0.8.1", "@emotion/is-prop-valid@^0.8.2":
    version "0.8.8"
    resolved "https://registry.yarnpkg.com/@emotion/is-prop-valid/-/is-prop-valid-0.8.8.tgz#db28b1c4368a259b60a97311d6a952d4fd01ac1a"
    integrity sha512-u5WtneEAr5IDG2Wv65yhunPSMLIpuKsbuOktRojfrEiEvRyC85LgPMZI63cr7NUqT8ZIGdSVg8ZKGxIug4lXcA==
    dependencies:
      "@emotion/memoize" "0.7.4"
  
  "@emotion/is-prop-valid@^1.2.1":
    version "1.2.1"
    resolved "https://registry.yarnpkg.com/@emotion/is-prop-valid/-/is-prop-valid-1.2.1.tgz#23116cf1ed18bfeac910ec6436561ecb1a3885cc"
    integrity sha512-61Mf7Ufx4aDxx1xlDeOm8aFFigGHE4z+0sKCa+IHCeZKiyP9RLD0Mmx7m8b9/Cf37f7NAvQOOJAbQQGVr5uERw==
    dependencies:
      "@emotion/memoize" "^0.8.1"
  
  "@emotion/memoize@0.7.4":
    version "0.7.4"
    resolved "https://registry.yarnpkg.com/@emotion/memoize/-/memoize-0.7.4.tgz#19bf0f5af19149111c40d98bb0cf82119f5d9eeb"
    integrity sha512-Ja/Vfqe3HpuzRsG1oBtWTHk2PGZ7GR+2Vz5iYGelAw8dx32K0y7PjVuxK6z1nMpZOqAFsRUPCkK1YjJ56qJlgw==
  
  "@emotion/memoize@^0.7.1":
    version "0.7.5"
    resolved "https://registry.yarnpkg.com/@emotion/memoize/-/memoize-0.7.5.tgz#2c40f81449a4e554e9fc6396910ed4843ec2be50"
    integrity sha512-igX9a37DR2ZPGYtV6suZ6whr8pTFtyHL3K/oLUotxpSVO2ASaprmAe2Dkq7tBo7CRY7MMDrAa9nuQP9/YG8FxQ==
  
  "@emotion/memoize@^0.8.1":
    version "0.8.1"
    resolved "https://registry.yarnpkg.com/@emotion/memoize/-/memoize-0.8.1.tgz#c1ddb040429c6d21d38cc945fe75c818cfb68e17"
    integrity sha512-W2P2c/VRW1/1tLox0mVUalvnWXxavmv/Oum2aPsRcoDJuob75FC3Y8FbpfLwUegRcxINtGUMPq0tFCvYNTBXNA==
  
  "@emotion/react@^11.11.0", "@emotion/react@^11.11.1", "@emotion/react@^11.8.1":
    version "11.11.1"
    resolved "https://registry.yarnpkg.com/@emotion/react/-/react-11.11.1.tgz#b2c36afac95b184f73b08da8c214fdf861fa4157"
    integrity sha512-5mlW1DquU5HaxjLkfkGN1GA/fvVGdyHURRiX/0FHl2cfIfRxSOfmxEH5YS43edp0OldZrZ+dkBKbngxcNCdZvA==
    dependencies:
      "@babel/runtime" "^7.18.3"
      "@emotion/babel-plugin" "^11.11.0"
      "@emotion/cache" "^11.11.0"
      "@emotion/serialize" "^1.1.2"
      "@emotion/use-insertion-effect-with-fallbacks" "^1.0.1"
      "@emotion/utils" "^1.2.1"
      "@emotion/weak-memoize" "^0.3.1"
      hoist-non-react-statics "^3.3.1"
  
  "@emotion/serialize@^0.11.15", "@emotion/serialize@^0.11.16":
    version "0.11.16"
    resolved "https://registry.yarnpkg.com/@emotion/serialize/-/serialize-0.11.16.tgz#dee05f9e96ad2fb25a5206b6d759b2d1ed3379ad"
    integrity sha512-G3J4o8by0VRrO+PFeSc3js2myYNOXVJ3Ya+RGVxnshRYgsvErfAOglKAiy1Eo1vhzxqtUvjCyS5gtewzkmvSSg==
    dependencies:
      "@emotion/hash" "0.8.0"
      "@emotion/memoize" "0.7.4"
      "@emotion/un